ARM GAS  C:\Users\Aasman\AppData\Local\Temp\ccKTlEkM.s 			page 1


   1              		.cpu cortex-m4
   2              		.eabi_attribute 27, 1
   3              		.eabi_attribute 28, 1
   4              		.eabi_attribute 20, 1
   5              		.eabi_attribute 21, 1
   6              		.eabi_attribute 23, 3
   7              		.eabi_attribute 24, 1
   8              		.eabi_attribute 25, 1
   9              		.eabi_attribute 26, 1
  10              		.eabi_attribute 30, 1
  11              		.eabi_attribute 34, 1
  12              		.eabi_attribute 18, 4
  13              		.file	"dma.c"
  14              		.text
  15              	.Ltext0:
  16              		.cfi_sections	.debug_frame
  17              		.section	.text.MX_DMA_Init,"ax",%progbits
  18              		.align	1
  19              		.global	MX_DMA_Init
  20              		.syntax unified
  21              		.thumb
  22              		.thumb_func
  23              		.fpu fpv4-sp-d16
  25              	MX_DMA_Init:
  26              	.LFB130:
  27              		.file 1 "Core/Src/dma.c"
   1:Core/Src/dma.c **** /**
   2:Core/Src/dma.c ****   ******************************************************************************
   3:Core/Src/dma.c ****   * File Name          : dma.c
   4:Core/Src/dma.c ****   * Description        : This file provides code for the configuration
   5:Core/Src/dma.c ****   *                      of all the requested memory to memory DMA transfers.
   6:Core/Src/dma.c ****   ******************************************************************************
   7:Core/Src/dma.c ****   * @attention
   8:Core/Src/dma.c ****   *
   9:Core/Src/dma.c ****   * <h2><center>&copy; Copyright (c) 2019 STMicroelectronics.
  10:Core/Src/dma.c ****   * All rights reserved.</center></h2>
  11:Core/Src/dma.c ****   *
  12:Core/Src/dma.c ****   * This software component is licensed by ST under BSD 3-Clause license,
  13:Core/Src/dma.c ****   * the "License"; You may not use this file except in compliance with the
  14:Core/Src/dma.c ****   * License. You may obtain a copy of the License at:
  15:Core/Src/dma.c ****   *                        opensource.org/licenses/BSD-3-Clause
  16:Core/Src/dma.c ****   *
  17:Core/Src/dma.c ****   ******************************************************************************
  18:Core/Src/dma.c ****   */
  19:Core/Src/dma.c **** /* Includes ------------------------------------------------------------------*/
  20:Core/Src/dma.c **** #include "dma.h"
  21:Core/Src/dma.c **** 
  22:Core/Src/dma.c **** /* USER CODE BEGIN 0 */
  23:Core/Src/dma.c **** 
  24:Core/Src/dma.c **** /* USER CODE END 0 */
  25:Core/Src/dma.c **** 
  26:Core/Src/dma.c **** /*----------------------------------------------------------------------------*/
  27:Core/Src/dma.c **** /* Configure DMA                                                              */
  28:Core/Src/dma.c **** /*----------------------------------------------------------------------------*/
  29:Core/Src/dma.c **** 
  30:Core/Src/dma.c **** /* USER CODE BEGIN 1 */
  31:Core/Src/dma.c **** 
ARM GAS  C:\Users\Aasman\AppData\Local\Temp\ccKTlEkM.s 			page 2


  32:Core/Src/dma.c **** /* USER CODE END 1 */
  33:Core/Src/dma.c **** 
  34:Core/Src/dma.c **** /** 
  35:Core/Src/dma.c ****   * Enable DMA controller clock
  36:Core/Src/dma.c ****   */
  37:Core/Src/dma.c **** void MX_DMA_Init(void) 
  38:Core/Src/dma.c **** {
  28              		.loc 1 38 0
  29              		.cfi_startproc
  30              		@ args = 0, pretend = 0, frame = 8
  31              		@ frame_needed = 0, uses_anonymous_args = 0
  32 0000 10B5     		push	{r4, lr}
  33              	.LCFI0:
  34              		.cfi_def_cfa_offset 8
  35              		.cfi_offset 4, -8
  36              		.cfi_offset 14, -4
  37 0002 82B0     		sub	sp, sp, #8
  38              	.LCFI1:
  39              		.cfi_def_cfa_offset 16
  40              	.LBB2:
  39:Core/Src/dma.c ****   /* DMA controller clock enable */
  40:Core/Src/dma.c ****   __HAL_RCC_DMA1_CLK_ENABLE();
  41              		.loc 1 40 0
  42 0004 0024     		movs	r4, #0
  43 0006 0194     		str	r4, [sp, #4]
  44 0008 0D4B     		ldr	r3, .L3
  45 000a 1A6B     		ldr	r2, [r3, #48]
  46 000c 42F40012 		orr	r2, r2, #2097152
  47 0010 1A63     		str	r2, [r3, #48]
  48 0012 1B6B     		ldr	r3, [r3, #48]
  49 0014 03F40013 		and	r3, r3, #2097152
  50 0018 0193     		str	r3, [sp, #4]
  51 001a 019B     		ldr	r3, [sp, #4]
  52              	.LBE2:
  41:Core/Src/dma.c **** 
  42:Core/Src/dma.c ****   /* DMA interrupt init */
  43:Core/Src/dma.c ****   /* DMA1_Stream4_IRQn interrupt configuration */
  44:Core/Src/dma.c ****   HAL_NVIC_SetPriority(DMA1_Stream4_IRQn, 0, 0);
  53              		.loc 1 44 0
  54 001c 2246     		mov	r2, r4
  55 001e 2146     		mov	r1, r4
  56 0020 0F20     		movs	r0, #15
  57 0022 FFF7FEFF 		bl	HAL_NVIC_SetPriority
  58              	.LVL0:
  45:Core/Src/dma.c ****   HAL_NVIC_EnableIRQ(DMA1_Stream4_IRQn);
  59              		.loc 1 45 0
  60 0026 0F20     		movs	r0, #15
  61 0028 FFF7FEFF 		bl	HAL_NVIC_EnableIRQ
  62              	.LVL1:
  46:Core/Src/dma.c ****   /* DMA1_Stream5_IRQn interrupt configuration */
  47:Core/Src/dma.c ****   HAL_NVIC_SetPriority(DMA1_Stream5_IRQn, 0, 0);
  63              		.loc 1 47 0
  64 002c 2246     		mov	r2, r4
  65 002e 2146     		mov	r1, r4
  66 0030 1020     		movs	r0, #16
  67 0032 FFF7FEFF 		bl	HAL_NVIC_SetPriority
  68              	.LVL2:
ARM GAS  C:\Users\Aasman\AppData\Local\Temp\ccKTlEkM.s 			page 3


  48:Core/Src/dma.c ****   HAL_NVIC_EnableIRQ(DMA1_Stream5_IRQn);
  69              		.loc 1 48 0
  70 0036 1020     		movs	r0, #16
  71 0038 FFF7FEFF 		bl	HAL_NVIC_EnableIRQ
  72              	.LVL3:
  49:Core/Src/dma.c **** 
  50:Core/Src/dma.c **** }
  73              		.loc 1 50 0
  74 003c 02B0     		add	sp, sp, #8
  75              	.LCFI2:
  76              		.cfi_def_cfa_offset 8
  77              		@ sp needed
  78 003e 10BD     		pop	{r4, pc}
  79              	.L4:
  80              		.align	2
  81              	.L3:
  82 0040 00380240 		.word	1073887232
  83              		.cfi_endproc
  84              	.LFE130:
  86              		.text
  87              	.Letext0:
  88              		.file 2 "c:\\program files (x86)\\gnu tools arm embedded\\7 2017-q4-major\\arm-none-eabi\\include\
  89              		.file 3 "c:\\program files (x86)\\gnu tools arm embedded\\7 2017-q4-major\\arm-none-eabi\\include\
  90              		.file 4 "Drivers/CMSIS/Include/core_cm4.h"
  91              		.file 5 "Drivers/CMSIS/Device/ST/STM32F4xx/Include/system_stm32f4xx.h"
  92              		.file 6 "Drivers/CMSIS/Device/ST/STM32F4xx/Include/stm32f407xx.h"
  93              		.file 7 "Drivers/STM32F4xx_HAL_Driver/Inc/stm32f4xx_hal_cortex.h"
ARM GAS  C:\Users\Aasman\AppData\Local\Temp\ccKTlEkM.s 			page 4


DEFINED SYMBOLS
                            *ABS*:00000000 dma.c
C:\Users\Aasman\AppData\Local\Temp\ccKTlEkM.s:18     .text.MX_DMA_Init:00000000 $t
C:\Users\Aasman\AppData\Local\Temp\ccKTlEkM.s:25     .text.MX_DMA_Init:00000000 MX_DMA_Init
C:\Users\Aasman\AppData\Local\Temp\ccKTlEkM.s:82     .text.MX_DMA_Init:00000040 $d

UNDEFINED SYMBOLS
HAL_NVIC_SetPriority
HAL_NVIC_EnableIRQ
