ARM GAS  C:\Users\Aasman\AppData\Local\Temp\ccez07LR.s 			page 1


   1              		.cpu cortex-m4
   2              		.eabi_attribute 27, 1
   3              		.eabi_attribute 28, 1
   4              		.eabi_attribute 20, 1
   5              		.eabi_attribute 21, 1
   6              		.eabi_attribute 23, 3
   7              		.eabi_attribute 24, 1
   8              		.eabi_attribute 25, 1
   9              		.eabi_attribute 26, 1
  10              		.eabi_attribute 30, 1
  11              		.eabi_attribute 34, 1
  12              		.eabi_attribute 18, 4
  13              		.file	"tim.c"
  14              		.text
  15              	.Ltext0:
  16              		.cfi_sections	.debug_frame
  17              		.section	.text.MX_TIM1_Init,"ax",%progbits
  18              		.align	1
  19              		.global	MX_TIM1_Init
  20              		.syntax unified
  21              		.thumb
  22              		.thumb_func
  23              		.fpu fpv4-sp-d16
  25              	MX_TIM1_Init:
  26              	.LFB130:
  27              		.file 1 "Core/Src/tim.c"
   1:Core/Src/tim.c **** /**
   2:Core/Src/tim.c ****   ******************************************************************************
   3:Core/Src/tim.c ****   * File Name          : TIM.c
   4:Core/Src/tim.c ****   * Description        : This file provides code for the configuration
   5:Core/Src/tim.c ****   *                      of the TIM instances.
   6:Core/Src/tim.c ****   ******************************************************************************
   7:Core/Src/tim.c ****   * @attention
   8:Core/Src/tim.c ****   *
   9:Core/Src/tim.c ****   * <h2><center>&copy; Copyright (c) 2019 STMicroelectronics.
  10:Core/Src/tim.c ****   * All rights reserved.</center></h2>
  11:Core/Src/tim.c ****   *
  12:Core/Src/tim.c ****   * This software component is licensed by ST under BSD 3-Clause license,
  13:Core/Src/tim.c ****   * the "License"; You may not use this file except in compliance with the
  14:Core/Src/tim.c ****   * License. You may obtain a copy of the License at:
  15:Core/Src/tim.c ****   *                        opensource.org/licenses/BSD-3-Clause
  16:Core/Src/tim.c ****   *
  17:Core/Src/tim.c ****   ******************************************************************************
  18:Core/Src/tim.c ****   */
  19:Core/Src/tim.c **** 
  20:Core/Src/tim.c **** /* Includes ------------------------------------------------------------------*/
  21:Core/Src/tim.c **** #include "tim.h"
  22:Core/Src/tim.c **** 
  23:Core/Src/tim.c **** /* USER CODE BEGIN 0 */
  24:Core/Src/tim.c **** 
  25:Core/Src/tim.c **** /* USER CODE END 0 */
  26:Core/Src/tim.c **** 
  27:Core/Src/tim.c **** TIM_HandleTypeDef htim1;
  28:Core/Src/tim.c **** TIM_HandleTypeDef htim2;
  29:Core/Src/tim.c **** TIM_HandleTypeDef htim3;
  30:Core/Src/tim.c **** TIM_HandleTypeDef htim4;
  31:Core/Src/tim.c **** TIM_HandleTypeDef htim8;
ARM GAS  C:\Users\Aasman\AppData\Local\Temp\ccez07LR.s 			page 2


  32:Core/Src/tim.c **** 
  33:Core/Src/tim.c **** /* TIM1 init function */
  34:Core/Src/tim.c **** void MX_TIM1_Init(void)
  35:Core/Src/tim.c **** {
  28              		.loc 1 35 0
  29              		.cfi_startproc
  30              		@ args = 0, pretend = 0, frame = 48
  31              		@ frame_needed = 0, uses_anonymous_args = 0
  32 0000 00B5     		push	{lr}
  33              	.LCFI0:
  34              		.cfi_def_cfa_offset 4
  35              		.cfi_offset 14, -4
  36 0002 8DB0     		sub	sp, sp, #52
  37              	.LCFI1:
  38              		.cfi_def_cfa_offset 56
  36:Core/Src/tim.c ****   TIM_Encoder_InitTypeDef sConfig = {0};
  39              		.loc 1 36 0
  40 0004 2022     		movs	r2, #32
  41 0006 0021     		movs	r1, #0
  42 0008 04A8     		add	r0, sp, #16
  43 000a FFF7FEFF 		bl	memset
  44              	.LVL0:
  37:Core/Src/tim.c ****   TIM_MasterConfigTypeDef sMasterConfig = {0};
  45              		.loc 1 37 0
  46 000e 0023     		movs	r3, #0
  47 0010 0193     		str	r3, [sp, #4]
  48 0012 0293     		str	r3, [sp, #8]
  38:Core/Src/tim.c **** 
  39:Core/Src/tim.c ****   htim1.Instance = TIM1;
  49              		.loc 1 39 0
  50 0014 1248     		ldr	r0, .L7
  51 0016 134A     		ldr	r2, .L7+4
  52 0018 0260     		str	r2, [r0]
  40:Core/Src/tim.c ****   htim1.Init.Prescaler = 0;
  53              		.loc 1 40 0
  54 001a 4360     		str	r3, [r0, #4]
  41:Core/Src/tim.c ****   htim1.Init.CounterMode = TIM_COUNTERMODE_UP;
  55              		.loc 1 41 0
  56 001c 8360     		str	r3, [r0, #8]
  42:Core/Src/tim.c ****   htim1.Init.Period = 65535;
  57              		.loc 1 42 0
  58 001e 4FF6FF72 		movw	r2, #65535
  59 0022 C260     		str	r2, [r0, #12]
  43:Core/Src/tim.c ****   htim1.Init.ClockDivision = TIM_CLOCKDIVISION_DIV1;
  60              		.loc 1 43 0
  61 0024 0361     		str	r3, [r0, #16]
  44:Core/Src/tim.c ****   htim1.Init.RepetitionCounter = 0;
  62              		.loc 1 44 0
  63 0026 4361     		str	r3, [r0, #20]
  45:Core/Src/tim.c ****   htim1.Init.AutoReloadPreload = TIM_AUTORELOAD_PRELOAD_DISABLE;
  64              		.loc 1 45 0
  65 0028 8361     		str	r3, [r0, #24]
  46:Core/Src/tim.c ****   sConfig.EncoderMode = TIM_ENCODERMODE_TI12;
  66              		.loc 1 46 0
  67 002a 0323     		movs	r3, #3
  68 002c 0393     		str	r3, [sp, #12]
  47:Core/Src/tim.c ****   sConfig.IC1Polarity = TIM_ICPOLARITY_RISING;
ARM GAS  C:\Users\Aasman\AppData\Local\Temp\ccez07LR.s 			page 3


  48:Core/Src/tim.c ****   sConfig.IC1Selection = TIM_ICSELECTION_DIRECTTI;
  69              		.loc 1 48 0
  70 002e 0123     		movs	r3, #1
  71 0030 0593     		str	r3, [sp, #20]
  49:Core/Src/tim.c ****   sConfig.IC1Prescaler = TIM_ICPSC_DIV1;
  50:Core/Src/tim.c ****   sConfig.IC1Filter = 0;
  51:Core/Src/tim.c ****   sConfig.IC2Polarity = TIM_ICPOLARITY_RISING;
  52:Core/Src/tim.c ****   sConfig.IC2Selection = TIM_ICSELECTION_DIRECTTI;
  72              		.loc 1 52 0
  73 0032 0993     		str	r3, [sp, #36]
  53:Core/Src/tim.c ****   sConfig.IC2Prescaler = TIM_ICPSC_DIV1;
  54:Core/Src/tim.c ****   sConfig.IC2Filter = 0;
  55:Core/Src/tim.c ****   if (HAL_TIM_Encoder_Init(&htim1, &sConfig) != HAL_OK)
  74              		.loc 1 55 0
  75 0034 03A9     		add	r1, sp, #12
  76 0036 FFF7FEFF 		bl	HAL_TIM_Encoder_Init
  77              	.LVL1:
  78 003a 50B9     		cbnz	r0, .L5
  79              	.L2:
  56:Core/Src/tim.c ****   {
  57:Core/Src/tim.c ****     Error_Handler();
  58:Core/Src/tim.c ****   }
  59:Core/Src/tim.c ****   sMasterConfig.MasterOutputTrigger = TIM_TRGO_RESET;
  80              		.loc 1 59 0
  81 003c 0023     		movs	r3, #0
  82 003e 0193     		str	r3, [sp, #4]
  60:Core/Src/tim.c ****   sMasterConfig.MasterSlaveMode = TIM_MASTERSLAVEMODE_DISABLE;
  83              		.loc 1 60 0
  84 0040 0293     		str	r3, [sp, #8]
  61:Core/Src/tim.c ****   if (HAL_TIMEx_MasterConfigSynchronization(&htim1, &sMasterConfig) != HAL_OK)
  85              		.loc 1 61 0
  86 0042 01A9     		add	r1, sp, #4
  87 0044 0648     		ldr	r0, .L7
  88 0046 FFF7FEFF 		bl	HAL_TIMEx_MasterConfigSynchronization
  89              	.LVL2:
  90 004a 28B9     		cbnz	r0, .L6
  91              	.L1:
  62:Core/Src/tim.c ****   {
  63:Core/Src/tim.c ****     Error_Handler();
  64:Core/Src/tim.c ****   }
  65:Core/Src/tim.c **** }
  92              		.loc 1 65 0
  93 004c 0DB0     		add	sp, sp, #52
  94              	.LCFI2:
  95              		.cfi_remember_state
  96              		.cfi_def_cfa_offset 4
  97              		@ sp needed
  98 004e 5DF804FB 		ldr	pc, [sp], #4
  99              	.L5:
 100              	.LCFI3:
 101              		.cfi_restore_state
  57:Core/Src/tim.c ****   }
 102              		.loc 1 57 0
 103 0052 FFF7FEFF 		bl	Error_Handler
 104              	.LVL3:
 105 0056 F1E7     		b	.L2
 106              	.L6:
ARM GAS  C:\Users\Aasman\AppData\Local\Temp\ccez07LR.s 			page 4


  63:Core/Src/tim.c ****   }
 107              		.loc 1 63 0
 108 0058 FFF7FEFF 		bl	Error_Handler
 109              	.LVL4:
 110              		.loc 1 65 0
 111 005c F6E7     		b	.L1
 112              	.L8:
 113 005e 00BF     		.align	2
 114              	.L7:
 115 0060 00000000 		.word	htim1
 116 0064 00000140 		.word	1073807360
 117              		.cfi_endproc
 118              	.LFE130:
 120              		.section	.text.MX_TIM2_Init,"ax",%progbits
 121              		.align	1
 122              		.global	MX_TIM2_Init
 123              		.syntax unified
 124              		.thumb
 125              		.thumb_func
 126              		.fpu fpv4-sp-d16
 128              	MX_TIM2_Init:
 129              	.LFB131:
  66:Core/Src/tim.c **** /* TIM2 init function */
  67:Core/Src/tim.c **** void MX_TIM2_Init(void)
  68:Core/Src/tim.c **** {
 130              		.loc 1 68 0
 131              		.cfi_startproc
 132              		@ args = 0, pretend = 0, frame = 48
 133              		@ frame_needed = 0, uses_anonymous_args = 0
 134 0000 00B5     		push	{lr}
 135              	.LCFI4:
 136              		.cfi_def_cfa_offset 4
 137              		.cfi_offset 14, -4
 138 0002 8DB0     		sub	sp, sp, #52
 139              	.LCFI5:
 140              		.cfi_def_cfa_offset 56
  69:Core/Src/tim.c ****   TIM_Encoder_InitTypeDef sConfig = {0};
 141              		.loc 1 69 0
 142 0004 2022     		movs	r2, #32
 143 0006 0021     		movs	r1, #0
 144 0008 04A8     		add	r0, sp, #16
 145 000a FFF7FEFF 		bl	memset
 146              	.LVL5:
  70:Core/Src/tim.c ****   TIM_MasterConfigTypeDef sMasterConfig = {0};
 147              		.loc 1 70 0
 148 000e 0023     		movs	r3, #0
 149 0010 0193     		str	r3, [sp, #4]
 150 0012 0293     		str	r3, [sp, #8]
  71:Core/Src/tim.c **** 
  72:Core/Src/tim.c ****   htim2.Instance = TIM2;
 151              		.loc 1 72 0
 152 0014 1248     		ldr	r0, .L15
 153 0016 4FF08042 		mov	r2, #1073741824
 154 001a 0260     		str	r2, [r0]
  73:Core/Src/tim.c ****   htim2.Init.Prescaler = 0;
 155              		.loc 1 73 0
 156 001c 4360     		str	r3, [r0, #4]
ARM GAS  C:\Users\Aasman\AppData\Local\Temp\ccez07LR.s 			page 5


  74:Core/Src/tim.c ****   htim2.Init.CounterMode = TIM_COUNTERMODE_UP;
 157              		.loc 1 74 0
 158 001e 8360     		str	r3, [r0, #8]
  75:Core/Src/tim.c ****   htim2.Init.Period = 65535;
 159              		.loc 1 75 0
 160 0020 4FF6FF72 		movw	r2, #65535
 161 0024 C260     		str	r2, [r0, #12]
  76:Core/Src/tim.c ****   htim2.Init.ClockDivision = TIM_CLOCKDIVISION_DIV1;
 162              		.loc 1 76 0
 163 0026 0361     		str	r3, [r0, #16]
  77:Core/Src/tim.c ****   htim2.Init.AutoReloadPreload = TIM_AUTORELOAD_PRELOAD_DISABLE;
 164              		.loc 1 77 0
 165 0028 8361     		str	r3, [r0, #24]
  78:Core/Src/tim.c ****   sConfig.EncoderMode = TIM_ENCODERMODE_TI12;
 166              		.loc 1 78 0
 167 002a 0323     		movs	r3, #3
 168 002c 0393     		str	r3, [sp, #12]
  79:Core/Src/tim.c ****   sConfig.IC1Polarity = TIM_ICPOLARITY_RISING;
  80:Core/Src/tim.c ****   sConfig.IC1Selection = TIM_ICSELECTION_DIRECTTI;
 169              		.loc 1 80 0
 170 002e 0123     		movs	r3, #1
 171 0030 0593     		str	r3, [sp, #20]
  81:Core/Src/tim.c ****   sConfig.IC1Prescaler = TIM_ICPSC_DIV1;
  82:Core/Src/tim.c ****   sConfig.IC1Filter = 0;
  83:Core/Src/tim.c ****   sConfig.IC2Polarity = TIM_ICPOLARITY_RISING;
  84:Core/Src/tim.c ****   sConfig.IC2Selection = TIM_ICSELECTION_DIRECTTI;
 172              		.loc 1 84 0
 173 0032 0993     		str	r3, [sp, #36]
  85:Core/Src/tim.c ****   sConfig.IC2Prescaler = TIM_ICPSC_DIV1;
  86:Core/Src/tim.c ****   sConfig.IC2Filter = 0;
  87:Core/Src/tim.c ****   if (HAL_TIM_Encoder_Init(&htim2, &sConfig) != HAL_OK)
 174              		.loc 1 87 0
 175 0034 03A9     		add	r1, sp, #12
 176 0036 FFF7FEFF 		bl	HAL_TIM_Encoder_Init
 177              	.LVL6:
 178 003a 50B9     		cbnz	r0, .L13
 179              	.L10:
  88:Core/Src/tim.c ****   {
  89:Core/Src/tim.c ****     Error_Handler();
  90:Core/Src/tim.c ****   }
  91:Core/Src/tim.c ****   sMasterConfig.MasterOutputTrigger = TIM_TRGO_RESET;
 180              		.loc 1 91 0
 181 003c 0023     		movs	r3, #0
 182 003e 0193     		str	r3, [sp, #4]
  92:Core/Src/tim.c ****   sMasterConfig.MasterSlaveMode = TIM_MASTERSLAVEMODE_DISABLE;
 183              		.loc 1 92 0
 184 0040 0293     		str	r3, [sp, #8]
  93:Core/Src/tim.c ****   if (HAL_TIMEx_MasterConfigSynchronization(&htim2, &sMasterConfig) != HAL_OK)
 185              		.loc 1 93 0
 186 0042 01A9     		add	r1, sp, #4
 187 0044 0648     		ldr	r0, .L15
 188 0046 FFF7FEFF 		bl	HAL_TIMEx_MasterConfigSynchronization
 189              	.LVL7:
 190 004a 28B9     		cbnz	r0, .L14
 191              	.L9:
  94:Core/Src/tim.c ****   {
  95:Core/Src/tim.c ****     Error_Handler();
ARM GAS  C:\Users\Aasman\AppData\Local\Temp\ccez07LR.s 			page 6


  96:Core/Src/tim.c ****   }
  97:Core/Src/tim.c **** }
 192              		.loc 1 97 0
 193 004c 0DB0     		add	sp, sp, #52
 194              	.LCFI6:
 195              		.cfi_remember_state
 196              		.cfi_def_cfa_offset 4
 197              		@ sp needed
 198 004e 5DF804FB 		ldr	pc, [sp], #4
 199              	.L13:
 200              	.LCFI7:
 201              		.cfi_restore_state
  89:Core/Src/tim.c ****   }
 202              		.loc 1 89 0
 203 0052 FFF7FEFF 		bl	Error_Handler
 204              	.LVL8:
 205 0056 F1E7     		b	.L10
 206              	.L14:
  95:Core/Src/tim.c ****   }
 207              		.loc 1 95 0
 208 0058 FFF7FEFF 		bl	Error_Handler
 209              	.LVL9:
 210              		.loc 1 97 0
 211 005c F6E7     		b	.L9
 212              	.L16:
 213 005e 00BF     		.align	2
 214              	.L15:
 215 0060 00000000 		.word	htim2
 216              		.cfi_endproc
 217              	.LFE131:
 219              		.section	.text.MX_TIM3_Init,"ax",%progbits
 220              		.align	1
 221              		.global	MX_TIM3_Init
 222              		.syntax unified
 223              		.thumb
 224              		.thumb_func
 225              		.fpu fpv4-sp-d16
 227              	MX_TIM3_Init:
 228              	.LFB132:
  98:Core/Src/tim.c **** /* TIM3 init function */
  99:Core/Src/tim.c **** void MX_TIM3_Init(void)
 100:Core/Src/tim.c **** {
 229              		.loc 1 100 0
 230              		.cfi_startproc
 231              		@ args = 0, pretend = 0, frame = 48
 232              		@ frame_needed = 0, uses_anonymous_args = 0
 233 0000 00B5     		push	{lr}
 234              	.LCFI8:
 235              		.cfi_def_cfa_offset 4
 236              		.cfi_offset 14, -4
 237 0002 8DB0     		sub	sp, sp, #52
 238              	.LCFI9:
 239              		.cfi_def_cfa_offset 56
 101:Core/Src/tim.c ****   TIM_Encoder_InitTypeDef sConfig = {0};
 240              		.loc 1 101 0
 241 0004 2022     		movs	r2, #32
 242 0006 0021     		movs	r1, #0
ARM GAS  C:\Users\Aasman\AppData\Local\Temp\ccez07LR.s 			page 7


 243 0008 04A8     		add	r0, sp, #16
 244 000a FFF7FEFF 		bl	memset
 245              	.LVL10:
 102:Core/Src/tim.c ****   TIM_MasterConfigTypeDef sMasterConfig = {0};
 246              		.loc 1 102 0
 247 000e 0023     		movs	r3, #0
 248 0010 0193     		str	r3, [sp, #4]
 249 0012 0293     		str	r3, [sp, #8]
 103:Core/Src/tim.c **** 
 104:Core/Src/tim.c ****   htim3.Instance = TIM3;
 250              		.loc 1 104 0
 251 0014 1148     		ldr	r0, .L23
 252 0016 124A     		ldr	r2, .L23+4
 253 0018 0260     		str	r2, [r0]
 105:Core/Src/tim.c ****   htim3.Init.Prescaler = 0;
 254              		.loc 1 105 0
 255 001a 4360     		str	r3, [r0, #4]
 106:Core/Src/tim.c ****   htim3.Init.CounterMode = TIM_COUNTERMODE_UP;
 256              		.loc 1 106 0
 257 001c 8360     		str	r3, [r0, #8]
 107:Core/Src/tim.c ****   htim3.Init.Period = 65535;
 258              		.loc 1 107 0
 259 001e 4FF6FF72 		movw	r2, #65535
 260 0022 C260     		str	r2, [r0, #12]
 108:Core/Src/tim.c ****   htim3.Init.ClockDivision = TIM_CLOCKDIVISION_DIV1;
 261              		.loc 1 108 0
 262 0024 0361     		str	r3, [r0, #16]
 109:Core/Src/tim.c ****   htim3.Init.AutoReloadPreload = TIM_AUTORELOAD_PRELOAD_DISABLE;
 263              		.loc 1 109 0
 264 0026 8361     		str	r3, [r0, #24]
 110:Core/Src/tim.c ****   sConfig.EncoderMode = TIM_ENCODERMODE_TI12;
 265              		.loc 1 110 0
 266 0028 0323     		movs	r3, #3
 267 002a 0393     		str	r3, [sp, #12]
 111:Core/Src/tim.c ****   sConfig.IC1Polarity = TIM_ICPOLARITY_RISING;
 112:Core/Src/tim.c ****   sConfig.IC1Selection = TIM_ICSELECTION_DIRECTTI;
 268              		.loc 1 112 0
 269 002c 0123     		movs	r3, #1
 270 002e 0593     		str	r3, [sp, #20]
 113:Core/Src/tim.c ****   sConfig.IC1Prescaler = TIM_ICPSC_DIV1;
 114:Core/Src/tim.c ****   sConfig.IC1Filter = 0;
 115:Core/Src/tim.c ****   sConfig.IC2Polarity = TIM_ICPOLARITY_RISING;
 116:Core/Src/tim.c ****   sConfig.IC2Selection = TIM_ICSELECTION_DIRECTTI;
 271              		.loc 1 116 0
 272 0030 0993     		str	r3, [sp, #36]
 117:Core/Src/tim.c ****   sConfig.IC2Prescaler = TIM_ICPSC_DIV1;
 118:Core/Src/tim.c ****   sConfig.IC2Filter = 0;
 119:Core/Src/tim.c ****   if (HAL_TIM_Encoder_Init(&htim3, &sConfig) != HAL_OK)
 273              		.loc 1 119 0
 274 0032 03A9     		add	r1, sp, #12
 275 0034 FFF7FEFF 		bl	HAL_TIM_Encoder_Init
 276              	.LVL11:
 277 0038 50B9     		cbnz	r0, .L21
 278              	.L18:
 120:Core/Src/tim.c ****   {
 121:Core/Src/tim.c ****     Error_Handler();
 122:Core/Src/tim.c ****   }
ARM GAS  C:\Users\Aasman\AppData\Local\Temp\ccez07LR.s 			page 8


 123:Core/Src/tim.c ****   sMasterConfig.MasterOutputTrigger = TIM_TRGO_RESET;
 279              		.loc 1 123 0
 280 003a 0023     		movs	r3, #0
 281 003c 0193     		str	r3, [sp, #4]
 124:Core/Src/tim.c ****   sMasterConfig.MasterSlaveMode = TIM_MASTERSLAVEMODE_DISABLE;
 282              		.loc 1 124 0
 283 003e 0293     		str	r3, [sp, #8]
 125:Core/Src/tim.c ****   if (HAL_TIMEx_MasterConfigSynchronization(&htim3, &sMasterConfig) != HAL_OK)
 284              		.loc 1 125 0
 285 0040 01A9     		add	r1, sp, #4
 286 0042 0648     		ldr	r0, .L23
 287 0044 FFF7FEFF 		bl	HAL_TIMEx_MasterConfigSynchronization
 288              	.LVL12:
 289 0048 28B9     		cbnz	r0, .L22
 290              	.L17:
 126:Core/Src/tim.c ****   {
 127:Core/Src/tim.c ****     Error_Handler();
 128:Core/Src/tim.c ****   }
 129:Core/Src/tim.c **** }
 291              		.loc 1 129 0
 292 004a 0DB0     		add	sp, sp, #52
 293              	.LCFI10:
 294              		.cfi_remember_state
 295              		.cfi_def_cfa_offset 4
 296              		@ sp needed
 297 004c 5DF804FB 		ldr	pc, [sp], #4
 298              	.L21:
 299              	.LCFI11:
 300              		.cfi_restore_state
 121:Core/Src/tim.c ****   }
 301              		.loc 1 121 0
 302 0050 FFF7FEFF 		bl	Error_Handler
 303              	.LVL13:
 304 0054 F1E7     		b	.L18
 305              	.L22:
 127:Core/Src/tim.c ****   }
 306              		.loc 1 127 0
 307 0056 FFF7FEFF 		bl	Error_Handler
 308              	.LVL14:
 309              		.loc 1 129 0
 310 005a F6E7     		b	.L17
 311              	.L24:
 312              		.align	2
 313              	.L23:
 314 005c 00000000 		.word	htim3
 315 0060 00040040 		.word	1073742848
 316              		.cfi_endproc
 317              	.LFE132:
 319              		.section	.text.MX_TIM4_Init,"ax",%progbits
 320              		.align	1
 321              		.global	MX_TIM4_Init
 322              		.syntax unified
 323              		.thumb
 324              		.thumb_func
 325              		.fpu fpv4-sp-d16
 327              	MX_TIM4_Init:
 328              	.LFB133:
ARM GAS  C:\Users\Aasman\AppData\Local\Temp\ccez07LR.s 			page 9


 130:Core/Src/tim.c **** /* TIM4 init function */
 131:Core/Src/tim.c **** void MX_TIM4_Init(void)
 132:Core/Src/tim.c **** {
 329              		.loc 1 132 0
 330              		.cfi_startproc
 331              		@ args = 0, pretend = 0, frame = 48
 332              		@ frame_needed = 0, uses_anonymous_args = 0
 333 0000 00B5     		push	{lr}
 334              	.LCFI12:
 335              		.cfi_def_cfa_offset 4
 336              		.cfi_offset 14, -4
 337 0002 8DB0     		sub	sp, sp, #52
 338              	.LCFI13:
 339              		.cfi_def_cfa_offset 56
 133:Core/Src/tim.c ****   TIM_Encoder_InitTypeDef sConfig = {0};
 340              		.loc 1 133 0
 341 0004 2022     		movs	r2, #32
 342 0006 0021     		movs	r1, #0
 343 0008 04A8     		add	r0, sp, #16
 344 000a FFF7FEFF 		bl	memset
 345              	.LVL15:
 134:Core/Src/tim.c ****   TIM_MasterConfigTypeDef sMasterConfig = {0};
 346              		.loc 1 134 0
 347 000e 0023     		movs	r3, #0
 348 0010 0193     		str	r3, [sp, #4]
 349 0012 0293     		str	r3, [sp, #8]
 135:Core/Src/tim.c **** 
 136:Core/Src/tim.c ****   htim4.Instance = TIM4;
 350              		.loc 1 136 0
 351 0014 1148     		ldr	r0, .L31
 352 0016 124A     		ldr	r2, .L31+4
 353 0018 0260     		str	r2, [r0]
 137:Core/Src/tim.c ****   htim4.Init.Prescaler = 0;
 354              		.loc 1 137 0
 355 001a 4360     		str	r3, [r0, #4]
 138:Core/Src/tim.c ****   htim4.Init.CounterMode = TIM_COUNTERMODE_UP;
 356              		.loc 1 138 0
 357 001c 8360     		str	r3, [r0, #8]
 139:Core/Src/tim.c ****   htim4.Init.Period = 65535;
 358              		.loc 1 139 0
 359 001e 4FF6FF72 		movw	r2, #65535
 360 0022 C260     		str	r2, [r0, #12]
 140:Core/Src/tim.c ****   htim4.Init.ClockDivision = TIM_CLOCKDIVISION_DIV1;
 361              		.loc 1 140 0
 362 0024 0361     		str	r3, [r0, #16]
 141:Core/Src/tim.c ****   htim4.Init.AutoReloadPreload = TIM_AUTORELOAD_PRELOAD_DISABLE;
 363              		.loc 1 141 0
 364 0026 8361     		str	r3, [r0, #24]
 142:Core/Src/tim.c ****   sConfig.EncoderMode = TIM_ENCODERMODE_TI12;
 365              		.loc 1 142 0
 366 0028 0323     		movs	r3, #3
 367 002a 0393     		str	r3, [sp, #12]
 143:Core/Src/tim.c ****   sConfig.IC1Polarity = TIM_ICPOLARITY_RISING;
 144:Core/Src/tim.c ****   sConfig.IC1Selection = TIM_ICSELECTION_DIRECTTI;
 368              		.loc 1 144 0
 369 002c 0123     		movs	r3, #1
 370 002e 0593     		str	r3, [sp, #20]
ARM GAS  C:\Users\Aasman\AppData\Local\Temp\ccez07LR.s 			page 10


 145:Core/Src/tim.c ****   sConfig.IC1Prescaler = TIM_ICPSC_DIV1;
 146:Core/Src/tim.c ****   sConfig.IC1Filter = 0;
 147:Core/Src/tim.c ****   sConfig.IC2Polarity = TIM_ICPOLARITY_RISING;
 148:Core/Src/tim.c ****   sConfig.IC2Selection = TIM_ICSELECTION_DIRECTTI;
 371              		.loc 1 148 0
 372 0030 0993     		str	r3, [sp, #36]
 149:Core/Src/tim.c ****   sConfig.IC2Prescaler = TIM_ICPSC_DIV1;
 150:Core/Src/tim.c ****   sConfig.IC2Filter = 0;
 151:Core/Src/tim.c ****   if (HAL_TIM_Encoder_Init(&htim4, &sConfig) != HAL_OK)
 373              		.loc 1 151 0
 374 0032 03A9     		add	r1, sp, #12
 375 0034 FFF7FEFF 		bl	HAL_TIM_Encoder_Init
 376              	.LVL16:
 377 0038 50B9     		cbnz	r0, .L29
 378              	.L26:
 152:Core/Src/tim.c ****   {
 153:Core/Src/tim.c ****     Error_Handler();
 154:Core/Src/tim.c ****   }
 155:Core/Src/tim.c ****   sMasterConfig.MasterOutputTrigger = TIM_TRGO_RESET;
 379              		.loc 1 155 0
 380 003a 0023     		movs	r3, #0
 381 003c 0193     		str	r3, [sp, #4]
 156:Core/Src/tim.c ****   sMasterConfig.MasterSlaveMode = TIM_MASTERSLAVEMODE_DISABLE;
 382              		.loc 1 156 0
 383 003e 0293     		str	r3, [sp, #8]
 157:Core/Src/tim.c ****   if (HAL_TIMEx_MasterConfigSynchronization(&htim4, &sMasterConfig) != HAL_OK)
 384              		.loc 1 157 0
 385 0040 01A9     		add	r1, sp, #4
 386 0042 0648     		ldr	r0, .L31
 387 0044 FFF7FEFF 		bl	HAL_TIMEx_MasterConfigSynchronization
 388              	.LVL17:
 389 0048 28B9     		cbnz	r0, .L30
 390              	.L25:
 158:Core/Src/tim.c ****   {
 159:Core/Src/tim.c ****     Error_Handler();
 160:Core/Src/tim.c ****   }
 161:Core/Src/tim.c **** }
 391              		.loc 1 161 0
 392 004a 0DB0     		add	sp, sp, #52
 393              	.LCFI14:
 394              		.cfi_remember_state
 395              		.cfi_def_cfa_offset 4
 396              		@ sp needed
 397 004c 5DF804FB 		ldr	pc, [sp], #4
 398              	.L29:
 399              	.LCFI15:
 400              		.cfi_restore_state
 153:Core/Src/tim.c ****   }
 401              		.loc 1 153 0
 402 0050 FFF7FEFF 		bl	Error_Handler
 403              	.LVL18:
 404 0054 F1E7     		b	.L26
 405              	.L30:
 159:Core/Src/tim.c ****   }
 406              		.loc 1 159 0
 407 0056 FFF7FEFF 		bl	Error_Handler
 408              	.LVL19:
ARM GAS  C:\Users\Aasman\AppData\Local\Temp\ccez07LR.s 			page 11


 409              		.loc 1 161 0
 410 005a F6E7     		b	.L25
 411              	.L32:
 412              		.align	2
 413              	.L31:
 414 005c 00000000 		.word	htim4
 415 0060 00080040 		.word	1073743872
 416              		.cfi_endproc
 417              	.LFE133:
 419              		.section	.text.HAL_TIM_Encoder_MspInit,"ax",%progbits
 420              		.align	1
 421              		.global	HAL_TIM_Encoder_MspInit
 422              		.syntax unified
 423              		.thumb
 424              		.thumb_func
 425              		.fpu fpv4-sp-d16
 427              	HAL_TIM_Encoder_MspInit:
 428              	.LFB135:
 162:Core/Src/tim.c **** /* TIM8 init function */
 163:Core/Src/tim.c **** void MX_TIM8_Init(void)
 164:Core/Src/tim.c **** {
 165:Core/Src/tim.c ****   TIM_MasterConfigTypeDef sMasterConfig = {0};
 166:Core/Src/tim.c ****   TIM_OC_InitTypeDef sConfigOC = {0};
 167:Core/Src/tim.c ****   TIM_BreakDeadTimeConfigTypeDef sBreakDeadTimeConfig = {0};
 168:Core/Src/tim.c **** 
 169:Core/Src/tim.c ****   htim8.Instance = TIM8;
 170:Core/Src/tim.c ****   htim8.Init.Prescaler = 0;
 171:Core/Src/tim.c ****   htim8.Init.CounterMode = TIM_COUNTERMODE_CENTERALIGNED1;
 172:Core/Src/tim.c ****   htim8.Init.Period = 10499;
 173:Core/Src/tim.c ****   htim8.Init.ClockDivision = TIM_CLOCKDIVISION_DIV1;
 174:Core/Src/tim.c ****   htim8.Init.RepetitionCounter = 0;
 175:Core/Src/tim.c ****   htim8.Init.AutoReloadPreload = TIM_AUTORELOAD_PRELOAD_DISABLE;
 176:Core/Src/tim.c ****   if (HAL_TIM_PWM_Init(&htim8) != HAL_OK)
 177:Core/Src/tim.c ****   {
 178:Core/Src/tim.c ****     Error_Handler();
 179:Core/Src/tim.c ****   }
 180:Core/Src/tim.c ****   sMasterConfig.MasterOutputTrigger = TIM_TRGO_RESET;
 181:Core/Src/tim.c ****   sMasterConfig.MasterSlaveMode = TIM_MASTERSLAVEMODE_DISABLE;
 182:Core/Src/tim.c ****   if (HAL_TIMEx_MasterConfigSynchronization(&htim8, &sMasterConfig) != HAL_OK)
 183:Core/Src/tim.c ****   {
 184:Core/Src/tim.c ****     Error_Handler();
 185:Core/Src/tim.c ****   }
 186:Core/Src/tim.c ****   sConfigOC.OCMode = TIM_OCMODE_PWM1;
 187:Core/Src/tim.c ****   sConfigOC.Pulse = 0;
 188:Core/Src/tim.c ****   sConfigOC.OCPolarity = TIM_OCPOLARITY_HIGH;
 189:Core/Src/tim.c ****   sConfigOC.OCNPolarity = TIM_OCNPOLARITY_HIGH;
 190:Core/Src/tim.c ****   sConfigOC.OCFastMode = TIM_OCFAST_DISABLE;
 191:Core/Src/tim.c ****   sConfigOC.OCIdleState = TIM_OCIDLESTATE_RESET;
 192:Core/Src/tim.c ****   sConfigOC.OCNIdleState = TIM_OCNIDLESTATE_RESET;
 193:Core/Src/tim.c ****   if (HAL_TIM_PWM_ConfigChannel(&htim8, &sConfigOC, TIM_CHANNEL_1) != HAL_OK)
 194:Core/Src/tim.c ****   {
 195:Core/Src/tim.c ****     Error_Handler();
 196:Core/Src/tim.c ****   }
 197:Core/Src/tim.c ****   if (HAL_TIM_PWM_ConfigChannel(&htim8, &sConfigOC, TIM_CHANNEL_2) != HAL_OK)
 198:Core/Src/tim.c ****   {
 199:Core/Src/tim.c ****     Error_Handler();
 200:Core/Src/tim.c ****   }
ARM GAS  C:\Users\Aasman\AppData\Local\Temp\ccez07LR.s 			page 12


 201:Core/Src/tim.c ****   if (HAL_TIM_PWM_ConfigChannel(&htim8, &sConfigOC, TIM_CHANNEL_3) != HAL_OK)
 202:Core/Src/tim.c ****   {
 203:Core/Src/tim.c ****     Error_Handler();
 204:Core/Src/tim.c ****   }
 205:Core/Src/tim.c ****   if (HAL_TIM_PWM_ConfigChannel(&htim8, &sConfigOC, TIM_CHANNEL_4) != HAL_OK)
 206:Core/Src/tim.c ****   {
 207:Core/Src/tim.c ****     Error_Handler();
 208:Core/Src/tim.c ****   }
 209:Core/Src/tim.c ****   sBreakDeadTimeConfig.OffStateRunMode = TIM_OSSR_DISABLE;
 210:Core/Src/tim.c ****   sBreakDeadTimeConfig.OffStateIDLEMode = TIM_OSSI_DISABLE;
 211:Core/Src/tim.c ****   sBreakDeadTimeConfig.LockLevel = TIM_LOCKLEVEL_OFF;
 212:Core/Src/tim.c ****   sBreakDeadTimeConfig.DeadTime = 0;
 213:Core/Src/tim.c ****   sBreakDeadTimeConfig.BreakState = TIM_BREAK_DISABLE;
 214:Core/Src/tim.c ****   sBreakDeadTimeConfig.BreakPolarity = TIM_BREAKPOLARITY_HIGH;
 215:Core/Src/tim.c ****   sBreakDeadTimeConfig.AutomaticOutput = TIM_AUTOMATICOUTPUT_DISABLE;
 216:Core/Src/tim.c ****   if (HAL_TIMEx_ConfigBreakDeadTime(&htim8, &sBreakDeadTimeConfig) != HAL_OK)
 217:Core/Src/tim.c ****   {
 218:Core/Src/tim.c ****     Error_Handler();
 219:Core/Src/tim.c ****   }
 220:Core/Src/tim.c ****   HAL_TIM_MspPostInit(&htim8);
 221:Core/Src/tim.c **** }
 222:Core/Src/tim.c **** 
 223:Core/Src/tim.c **** void HAL_TIM_Encoder_MspInit(TIM_HandleTypeDef *tim_encoderHandle)
 224:Core/Src/tim.c **** {
 429              		.loc 1 224 0
 430              		.cfi_startproc
 431              		@ args = 0, pretend = 0, frame = 64
 432              		@ frame_needed = 0, uses_anonymous_args = 0
 433              	.LVL20:
 434 0000 70B5     		push	{r4, r5, r6, lr}
 435              	.LCFI16:
 436              		.cfi_def_cfa_offset 16
 437              		.cfi_offset 4, -16
 438              		.cfi_offset 5, -12
 439              		.cfi_offset 6, -8
 440              		.cfi_offset 14, -4
 441 0002 90B0     		sub	sp, sp, #64
 442              	.LCFI17:
 443              		.cfi_def_cfa_offset 80
 225:Core/Src/tim.c **** 
 226:Core/Src/tim.c ****   GPIO_InitTypeDef GPIO_InitStruct = {0};
 444              		.loc 1 226 0
 445 0004 0023     		movs	r3, #0
 446 0006 0B93     		str	r3, [sp, #44]
 447 0008 0C93     		str	r3, [sp, #48]
 448 000a 0D93     		str	r3, [sp, #52]
 449 000c 0E93     		str	r3, [sp, #56]
 450 000e 0F93     		str	r3, [sp, #60]
 227:Core/Src/tim.c ****   if (tim_encoderHandle->Instance == TIM1)
 451              		.loc 1 227 0
 452 0010 0368     		ldr	r3, [r0]
 453 0012 7E4A     		ldr	r2, .L43
 454 0014 9342     		cmp	r3, r2
 455 0016 0CD0     		beq	.L39
 228:Core/Src/tim.c ****   {
 229:Core/Src/tim.c ****     /* USER CODE BEGIN TIM1_MspInit 0 */
 230:Core/Src/tim.c **** 
ARM GAS  C:\Users\Aasman\AppData\Local\Temp\ccez07LR.s 			page 13


 231:Core/Src/tim.c ****     /* USER CODE END TIM1_MspInit 0 */
 232:Core/Src/tim.c ****     /* TIM1 clock enable */
 233:Core/Src/tim.c ****     __HAL_RCC_TIM1_CLK_ENABLE();
 234:Core/Src/tim.c **** 
 235:Core/Src/tim.c ****     __HAL_RCC_GPIOE_CLK_ENABLE();
 236:Core/Src/tim.c ****     __HAL_RCC_GPIOA_CLK_ENABLE();
 237:Core/Src/tim.c ****     /**TIM1 GPIO Configuration    
 238:Core/Src/tim.c ****     PE11     ------> TIM1_CH2
 239:Core/Src/tim.c ****     PA8     ------> TIM1_CH1 
 240:Core/Src/tim.c ****     */
 241:Core/Src/tim.c ****     GPIO_InitStruct.Pin = GPIO_PIN_11;
 242:Core/Src/tim.c ****     GPIO_InitStruct.Mode = GPIO_MODE_AF_PP;
 243:Core/Src/tim.c ****     GPIO_InitStruct.Pull = GPIO_PULLUP;
 244:Core/Src/tim.c ****     GPIO_InitStruct.Speed = GPIO_SPEED_FREQ_LOW;
 245:Core/Src/tim.c ****     GPIO_InitStruct.Alternate = GPIO_AF1_TIM1;
 246:Core/Src/tim.c ****     HAL_GPIO_Init(GPIOE, &GPIO_InitStruct);
 247:Core/Src/tim.c **** 
 248:Core/Src/tim.c ****     GPIO_InitStruct.Pin = GPIO_PIN_8;
 249:Core/Src/tim.c ****     GPIO_InitStruct.Mode = GPIO_MODE_AF_PP;
 250:Core/Src/tim.c ****     GPIO_InitStruct.Pull = GPIO_PULLUP;
 251:Core/Src/tim.c ****     GPIO_InitStruct.Speed = GPIO_SPEED_FREQ_LOW;
 252:Core/Src/tim.c ****     GPIO_InitStruct.Alternate = GPIO_AF1_TIM1;
 253:Core/Src/tim.c ****     HAL_GPIO_Init(GPIOA, &GPIO_InitStruct);
 254:Core/Src/tim.c **** 
 255:Core/Src/tim.c ****     /* TIM1 interrupt Init */
 256:Core/Src/tim.c ****     HAL_NVIC_SetPriority(TIM1_BRK_TIM9_IRQn, 0, 0);
 257:Core/Src/tim.c ****     HAL_NVIC_EnableIRQ(TIM1_BRK_TIM9_IRQn);
 258:Core/Src/tim.c ****     HAL_NVIC_SetPriority(TIM1_UP_TIM10_IRQn, 0, 0);
 259:Core/Src/tim.c ****     HAL_NVIC_EnableIRQ(TIM1_UP_TIM10_IRQn);
 260:Core/Src/tim.c ****     HAL_NVIC_SetPriority(TIM1_TRG_COM_TIM11_IRQn, 0, 0);
 261:Core/Src/tim.c ****     HAL_NVIC_EnableIRQ(TIM1_TRG_COM_TIM11_IRQn);
 262:Core/Src/tim.c ****     HAL_NVIC_SetPriority(TIM1_CC_IRQn, 0, 0);
 263:Core/Src/tim.c ****     HAL_NVIC_EnableIRQ(TIM1_CC_IRQn);
 264:Core/Src/tim.c ****     /* USER CODE BEGIN TIM1_MspInit 1 */
 265:Core/Src/tim.c **** 
 266:Core/Src/tim.c ****     /* USER CODE END TIM1_MspInit 1 */
 267:Core/Src/tim.c ****   }
 268:Core/Src/tim.c ****   else if (tim_encoderHandle->Instance == TIM2)
 456              		.loc 1 268 0
 457 0018 B3F1804F 		cmp	r3, #1073741824
 458 001c 61D0     		beq	.L40
 269:Core/Src/tim.c ****   {
 270:Core/Src/tim.c ****     /* USER CODE BEGIN TIM2_MspInit 0 */
 271:Core/Src/tim.c **** 
 272:Core/Src/tim.c ****     /* USER CODE END TIM2_MspInit 0 */
 273:Core/Src/tim.c ****     /* TIM2 clock enable */
 274:Core/Src/tim.c ****     __HAL_RCC_TIM2_CLK_ENABLE();
 275:Core/Src/tim.c **** 
 276:Core/Src/tim.c ****     __HAL_RCC_GPIOA_CLK_ENABLE();
 277:Core/Src/tim.c ****     /**TIM2 GPIO Configuration    
 278:Core/Src/tim.c ****     PA1     ------> TIM2_CH2
 279:Core/Src/tim.c ****     PA15     ------> TIM2_CH1 
 280:Core/Src/tim.c ****     */
 281:Core/Src/tim.c ****     GPIO_InitStruct.Pin = GPIO_PIN_1 | GPIO_PIN_15;
 282:Core/Src/tim.c ****     GPIO_InitStruct.Mode = GPIO_MODE_AF_PP;
 283:Core/Src/tim.c ****     GPIO_InitStruct.Pull = GPIO_PULLUP;
 284:Core/Src/tim.c ****     GPIO_InitStruct.Speed = GPIO_SPEED_FREQ_LOW;
ARM GAS  C:\Users\Aasman\AppData\Local\Temp\ccez07LR.s 			page 14


 285:Core/Src/tim.c ****     GPIO_InitStruct.Alternate = GPIO_AF1_TIM2;
 286:Core/Src/tim.c ****     HAL_GPIO_Init(GPIOA, &GPIO_InitStruct);
 287:Core/Src/tim.c **** 
 288:Core/Src/tim.c ****     /* TIM2 interrupt Init */
 289:Core/Src/tim.c ****     HAL_NVIC_SetPriority(TIM2_IRQn, 0, 0);
 290:Core/Src/tim.c ****     HAL_NVIC_EnableIRQ(TIM2_IRQn);
 291:Core/Src/tim.c ****     /* USER CODE BEGIN TIM2_MspInit 1 */
 292:Core/Src/tim.c **** 
 293:Core/Src/tim.c ****     /* USER CODE END TIM2_MspInit 1 */
 294:Core/Src/tim.c ****   }
 295:Core/Src/tim.c ****   else if (tim_encoderHandle->Instance == TIM3)
 459              		.loc 1 295 0
 460 001e 7C4A     		ldr	r2, .L43+4
 461 0020 9342     		cmp	r3, r2
 462 0022 00F08A80 		beq	.L41
 296:Core/Src/tim.c ****   {
 297:Core/Src/tim.c ****     /* USER CODE BEGIN TIM3_MspInit 0 */
 298:Core/Src/tim.c **** 
 299:Core/Src/tim.c ****     /* USER CODE END TIM3_MspInit 0 */
 300:Core/Src/tim.c ****     /* TIM3 clock enable */
 301:Core/Src/tim.c ****     __HAL_RCC_TIM3_CLK_ENABLE();
 302:Core/Src/tim.c **** 
 303:Core/Src/tim.c ****     __HAL_RCC_GPIOA_CLK_ENABLE();
 304:Core/Src/tim.c ****     __HAL_RCC_GPIOB_CLK_ENABLE();
 305:Core/Src/tim.c ****     /**TIM3 GPIO Configuration    
 306:Core/Src/tim.c ****     PA7     ------> TIM3_CH2
 307:Core/Src/tim.c ****     PB4     ------> TIM3_CH1 
 308:Core/Src/tim.c ****     */
 309:Core/Src/tim.c ****     GPIO_InitStruct.Pin = GPIO_PIN_7;
 310:Core/Src/tim.c ****     GPIO_InitStruct.Mode = GPIO_MODE_AF_PP;
 311:Core/Src/tim.c ****     GPIO_InitStruct.Pull = GPIO_PULLUP;
 312:Core/Src/tim.c ****     GPIO_InitStruct.Speed = GPIO_SPEED_FREQ_LOW;
 313:Core/Src/tim.c ****     GPIO_InitStruct.Alternate = GPIO_AF2_TIM3;
 314:Core/Src/tim.c ****     HAL_GPIO_Init(GPIOA, &GPIO_InitStruct);
 315:Core/Src/tim.c **** 
 316:Core/Src/tim.c ****     GPIO_InitStruct.Pin = GPIO_PIN_4;
 317:Core/Src/tim.c ****     GPIO_InitStruct.Mode = GPIO_MODE_AF_PP;
 318:Core/Src/tim.c ****     GPIO_InitStruct.Pull = GPIO_PULLUP;
 319:Core/Src/tim.c ****     GPIO_InitStruct.Speed = GPIO_SPEED_FREQ_LOW;
 320:Core/Src/tim.c ****     GPIO_InitStruct.Alternate = GPIO_AF2_TIM3;
 321:Core/Src/tim.c ****     HAL_GPIO_Init(GPIOB, &GPIO_InitStruct);
 322:Core/Src/tim.c **** 
 323:Core/Src/tim.c ****     /* TIM3 interrupt Init */
 324:Core/Src/tim.c ****     HAL_NVIC_SetPriority(TIM3_IRQn, 0, 0);
 325:Core/Src/tim.c ****     HAL_NVIC_EnableIRQ(TIM3_IRQn);
 326:Core/Src/tim.c ****     /* USER CODE BEGIN TIM3_MspInit 1 */
 327:Core/Src/tim.c **** 
 328:Core/Src/tim.c ****     /* USER CODE END TIM3_MspInit 1 */
 329:Core/Src/tim.c ****   }
 330:Core/Src/tim.c ****   else if (tim_encoderHandle->Instance == TIM4)
 463              		.loc 1 330 0
 464 0026 7B4A     		ldr	r2, .L43+8
 465 0028 9342     		cmp	r3, r2
 466 002a 00F0C480 		beq	.L42
 467              	.LVL21:
 468              	.L33:
 331:Core/Src/tim.c ****   {
ARM GAS  C:\Users\Aasman\AppData\Local\Temp\ccez07LR.s 			page 15


 332:Core/Src/tim.c ****     /* USER CODE BEGIN TIM4_MspInit 0 */
 333:Core/Src/tim.c **** 
 334:Core/Src/tim.c ****     /* USER CODE END TIM4_MspInit 0 */
 335:Core/Src/tim.c ****     /* TIM4 clock enable */
 336:Core/Src/tim.c ****     __HAL_RCC_TIM4_CLK_ENABLE();
 337:Core/Src/tim.c **** 
 338:Core/Src/tim.c ****     __HAL_RCC_GPIOB_CLK_ENABLE();
 339:Core/Src/tim.c ****     /**TIM4 GPIO Configuration    
 340:Core/Src/tim.c ****     PB6     ------> TIM4_CH1
 341:Core/Src/tim.c ****     PB7     ------> TIM4_CH2 
 342:Core/Src/tim.c ****     */
 343:Core/Src/tim.c ****     GPIO_InitStruct.Pin = GPIO_PIN_6 | GPIO_PIN_7;
 344:Core/Src/tim.c ****     GPIO_InitStruct.Mode = GPIO_MODE_AF_PP;
 345:Core/Src/tim.c ****     GPIO_InitStruct.Pull = GPIO_PULLUP;
 346:Core/Src/tim.c ****     GPIO_InitStruct.Speed = GPIO_SPEED_FREQ_LOW;
 347:Core/Src/tim.c ****     GPIO_InitStruct.Alternate = GPIO_AF2_TIM4;
 348:Core/Src/tim.c ****     HAL_GPIO_Init(GPIOB, &GPIO_InitStruct);
 349:Core/Src/tim.c **** 
 350:Core/Src/tim.c ****     /* TIM4 interrupt Init */
 351:Core/Src/tim.c ****     HAL_NVIC_SetPriority(TIM4_IRQn, 0, 0);
 352:Core/Src/tim.c ****     HAL_NVIC_EnableIRQ(TIM4_IRQn);
 353:Core/Src/tim.c ****     /* USER CODE BEGIN TIM4_MspInit 1 */
 354:Core/Src/tim.c **** 
 355:Core/Src/tim.c ****     /* USER CODE END TIM4_MspInit 1 */
 356:Core/Src/tim.c ****   }
 357:Core/Src/tim.c **** }
 469              		.loc 1 357 0
 470 002e 10B0     		add	sp, sp, #64
 471              	.LCFI18:
 472              		.cfi_remember_state
 473              		.cfi_def_cfa_offset 16
 474              		@ sp needed
 475 0030 70BD     		pop	{r4, r5, r6, pc}
 476              	.LVL22:
 477              	.L39:
 478              	.LCFI19:
 479              		.cfi_restore_state
 480              	.LBB2:
 233:Core/Src/tim.c **** 
 481              		.loc 1 233 0
 482 0032 0024     		movs	r4, #0
 483 0034 0194     		str	r4, [sp, #4]
 484 0036 784B     		ldr	r3, .L43+12
 485 0038 5A6C     		ldr	r2, [r3, #68]
 486 003a 42F00102 		orr	r2, r2, #1
 487 003e 5A64     		str	r2, [r3, #68]
 488 0040 5A6C     		ldr	r2, [r3, #68]
 489 0042 02F00102 		and	r2, r2, #1
 490 0046 0192     		str	r2, [sp, #4]
 491 0048 019A     		ldr	r2, [sp, #4]
 492              	.LBE2:
 493              	.LBB3:
 235:Core/Src/tim.c ****     __HAL_RCC_GPIOA_CLK_ENABLE();
 494              		.loc 1 235 0
 495 004a 0294     		str	r4, [sp, #8]
 496 004c 1A6B     		ldr	r2, [r3, #48]
 497 004e 42F01002 		orr	r2, r2, #16
ARM GAS  C:\Users\Aasman\AppData\Local\Temp\ccez07LR.s 			page 16


 498 0052 1A63     		str	r2, [r3, #48]
 499 0054 1A6B     		ldr	r2, [r3, #48]
 500 0056 02F01002 		and	r2, r2, #16
 501 005a 0292     		str	r2, [sp, #8]
 502 005c 029A     		ldr	r2, [sp, #8]
 503              	.LBE3:
 504              	.LBB4:
 236:Core/Src/tim.c ****     /**TIM1 GPIO Configuration    
 505              		.loc 1 236 0
 506 005e 0394     		str	r4, [sp, #12]
 507 0060 1A6B     		ldr	r2, [r3, #48]
 508 0062 42F00102 		orr	r2, r2, #1
 509 0066 1A63     		str	r2, [r3, #48]
 510 0068 1B6B     		ldr	r3, [r3, #48]
 511 006a 03F00103 		and	r3, r3, #1
 512 006e 0393     		str	r3, [sp, #12]
 513 0070 039B     		ldr	r3, [sp, #12]
 514              	.LBE4:
 241:Core/Src/tim.c ****     GPIO_InitStruct.Mode = GPIO_MODE_AF_PP;
 515              		.loc 1 241 0
 516 0072 4FF40063 		mov	r3, #2048
 517 0076 0B93     		str	r3, [sp, #44]
 242:Core/Src/tim.c ****     GPIO_InitStruct.Pull = GPIO_PULLUP;
 518              		.loc 1 242 0
 519 0078 0226     		movs	r6, #2
 520 007a 0C96     		str	r6, [sp, #48]
 243:Core/Src/tim.c ****     GPIO_InitStruct.Speed = GPIO_SPEED_FREQ_LOW;
 521              		.loc 1 243 0
 522 007c 0125     		movs	r5, #1
 523 007e 0D95     		str	r5, [sp, #52]
 245:Core/Src/tim.c ****     HAL_GPIO_Init(GPIOE, &GPIO_InitStruct);
 524              		.loc 1 245 0
 525 0080 0F95     		str	r5, [sp, #60]
 246:Core/Src/tim.c **** 
 526              		.loc 1 246 0
 527 0082 0BA9     		add	r1, sp, #44
 528 0084 6548     		ldr	r0, .L43+16
 529              	.LVL23:
 530 0086 FFF7FEFF 		bl	HAL_GPIO_Init
 531              	.LVL24:
 248:Core/Src/tim.c ****     GPIO_InitStruct.Mode = GPIO_MODE_AF_PP;
 532              		.loc 1 248 0
 533 008a 4FF48073 		mov	r3, #256
 534 008e 0B93     		str	r3, [sp, #44]
 249:Core/Src/tim.c ****     GPIO_InitStruct.Pull = GPIO_PULLUP;
 535              		.loc 1 249 0
 536 0090 0C96     		str	r6, [sp, #48]
 250:Core/Src/tim.c ****     GPIO_InitStruct.Speed = GPIO_SPEED_FREQ_LOW;
 537              		.loc 1 250 0
 538 0092 0D95     		str	r5, [sp, #52]
 251:Core/Src/tim.c ****     GPIO_InitStruct.Alternate = GPIO_AF1_TIM1;
 539              		.loc 1 251 0
 540 0094 0E94     		str	r4, [sp, #56]
 252:Core/Src/tim.c ****     HAL_GPIO_Init(GPIOA, &GPIO_InitStruct);
 541              		.loc 1 252 0
 542 0096 0F95     		str	r5, [sp, #60]
 253:Core/Src/tim.c **** 
ARM GAS  C:\Users\Aasman\AppData\Local\Temp\ccez07LR.s 			page 17


 543              		.loc 1 253 0
 544 0098 0BA9     		add	r1, sp, #44
 545 009a 6148     		ldr	r0, .L43+20
 546 009c FFF7FEFF 		bl	HAL_GPIO_Init
 547              	.LVL25:
 256:Core/Src/tim.c ****     HAL_NVIC_EnableIRQ(TIM1_BRK_TIM9_IRQn);
 548              		.loc 1 256 0
 549 00a0 2246     		mov	r2, r4
 550 00a2 2146     		mov	r1, r4
 551 00a4 1820     		movs	r0, #24
 552 00a6 FFF7FEFF 		bl	HAL_NVIC_SetPriority
 553              	.LVL26:
 257:Core/Src/tim.c ****     HAL_NVIC_SetPriority(TIM1_UP_TIM10_IRQn, 0, 0);
 554              		.loc 1 257 0
 555 00aa 1820     		movs	r0, #24
 556 00ac FFF7FEFF 		bl	HAL_NVIC_EnableIRQ
 557              	.LVL27:
 258:Core/Src/tim.c ****     HAL_NVIC_EnableIRQ(TIM1_UP_TIM10_IRQn);
 558              		.loc 1 258 0
 559 00b0 2246     		mov	r2, r4
 560 00b2 2146     		mov	r1, r4
 561 00b4 1920     		movs	r0, #25
 562 00b6 FFF7FEFF 		bl	HAL_NVIC_SetPriority
 563              	.LVL28:
 259:Core/Src/tim.c ****     HAL_NVIC_SetPriority(TIM1_TRG_COM_TIM11_IRQn, 0, 0);
 564              		.loc 1 259 0
 565 00ba 1920     		movs	r0, #25
 566 00bc FFF7FEFF 		bl	HAL_NVIC_EnableIRQ
 567              	.LVL29:
 260:Core/Src/tim.c ****     HAL_NVIC_EnableIRQ(TIM1_TRG_COM_TIM11_IRQn);
 568              		.loc 1 260 0
 569 00c0 2246     		mov	r2, r4
 570 00c2 2146     		mov	r1, r4
 571 00c4 1A20     		movs	r0, #26
 572 00c6 FFF7FEFF 		bl	HAL_NVIC_SetPriority
 573              	.LVL30:
 261:Core/Src/tim.c ****     HAL_NVIC_SetPriority(TIM1_CC_IRQn, 0, 0);
 574              		.loc 1 261 0
 575 00ca 1A20     		movs	r0, #26
 576 00cc FFF7FEFF 		bl	HAL_NVIC_EnableIRQ
 577              	.LVL31:
 262:Core/Src/tim.c ****     HAL_NVIC_EnableIRQ(TIM1_CC_IRQn);
 578              		.loc 1 262 0
 579 00d0 2246     		mov	r2, r4
 580 00d2 2146     		mov	r1, r4
 581 00d4 1B20     		movs	r0, #27
 582 00d6 FFF7FEFF 		bl	HAL_NVIC_SetPriority
 583              	.LVL32:
 263:Core/Src/tim.c ****     /* USER CODE BEGIN TIM1_MspInit 1 */
 584              		.loc 1 263 0
 585 00da 1B20     		movs	r0, #27
 586 00dc FFF7FEFF 		bl	HAL_NVIC_EnableIRQ
 587              	.LVL33:
 588 00e0 A5E7     		b	.L33
 589              	.LVL34:
 590              	.L40:
 591              	.LBB5:
ARM GAS  C:\Users\Aasman\AppData\Local\Temp\ccez07LR.s 			page 18


 274:Core/Src/tim.c **** 
 592              		.loc 1 274 0
 593 00e2 0024     		movs	r4, #0
 594 00e4 0494     		str	r4, [sp, #16]
 595 00e6 03F50E33 		add	r3, r3, #145408
 596 00ea 1A6C     		ldr	r2, [r3, #64]
 597 00ec 42F00102 		orr	r2, r2, #1
 598 00f0 1A64     		str	r2, [r3, #64]
 599 00f2 1A6C     		ldr	r2, [r3, #64]
 600 00f4 02F00102 		and	r2, r2, #1
 601 00f8 0492     		str	r2, [sp, #16]
 602 00fa 049A     		ldr	r2, [sp, #16]
 603              	.LBE5:
 604              	.LBB6:
 276:Core/Src/tim.c ****     /**TIM2 GPIO Configuration    
 605              		.loc 1 276 0
 606 00fc 0594     		str	r4, [sp, #20]
 607 00fe 1A6B     		ldr	r2, [r3, #48]
 608 0100 42F00102 		orr	r2, r2, #1
 609 0104 1A63     		str	r2, [r3, #48]
 610 0106 1B6B     		ldr	r3, [r3, #48]
 611 0108 03F00103 		and	r3, r3, #1
 612 010c 0593     		str	r3, [sp, #20]
 613 010e 059B     		ldr	r3, [sp, #20]
 614              	.LBE6:
 281:Core/Src/tim.c ****     GPIO_InitStruct.Mode = GPIO_MODE_AF_PP;
 615              		.loc 1 281 0
 616 0110 48F20203 		movw	r3, #32770
 617 0114 0B93     		str	r3, [sp, #44]
 282:Core/Src/tim.c ****     GPIO_InitStruct.Pull = GPIO_PULLUP;
 618              		.loc 1 282 0
 619 0116 0223     		movs	r3, #2
 620 0118 0C93     		str	r3, [sp, #48]
 283:Core/Src/tim.c ****     GPIO_InitStruct.Speed = GPIO_SPEED_FREQ_LOW;
 621              		.loc 1 283 0
 622 011a 0123     		movs	r3, #1
 623 011c 0D93     		str	r3, [sp, #52]
 285:Core/Src/tim.c ****     HAL_GPIO_Init(GPIOA, &GPIO_InitStruct);
 624              		.loc 1 285 0
 625 011e 0F93     		str	r3, [sp, #60]
 286:Core/Src/tim.c **** 
 626              		.loc 1 286 0
 627 0120 0BA9     		add	r1, sp, #44
 628 0122 3F48     		ldr	r0, .L43+20
 629              	.LVL35:
 630 0124 FFF7FEFF 		bl	HAL_GPIO_Init
 631              	.LVL36:
 289:Core/Src/tim.c ****     HAL_NVIC_EnableIRQ(TIM2_IRQn);
 632              		.loc 1 289 0
 633 0128 2246     		mov	r2, r4
 634 012a 2146     		mov	r1, r4
 635 012c 1C20     		movs	r0, #28
 636 012e FFF7FEFF 		bl	HAL_NVIC_SetPriority
 637              	.LVL37:
 290:Core/Src/tim.c ****     /* USER CODE BEGIN TIM2_MspInit 1 */
 638              		.loc 1 290 0
 639 0132 1C20     		movs	r0, #28
ARM GAS  C:\Users\Aasman\AppData\Local\Temp\ccez07LR.s 			page 19


 640 0134 FFF7FEFF 		bl	HAL_NVIC_EnableIRQ
 641              	.LVL38:
 642 0138 79E7     		b	.L33
 643              	.LVL39:
 644              	.L41:
 645              	.LBB7:
 301:Core/Src/tim.c **** 
 646              		.loc 1 301 0
 647 013a 0024     		movs	r4, #0
 648 013c 0694     		str	r4, [sp, #24]
 649 013e 364B     		ldr	r3, .L43+12
 650 0140 1A6C     		ldr	r2, [r3, #64]
 651 0142 42F00202 		orr	r2, r2, #2
 652 0146 1A64     		str	r2, [r3, #64]
 653 0148 1A6C     		ldr	r2, [r3, #64]
 654 014a 02F00202 		and	r2, r2, #2
 655 014e 0692     		str	r2, [sp, #24]
 656 0150 069A     		ldr	r2, [sp, #24]
 657              	.LBE7:
 658              	.LBB8:
 303:Core/Src/tim.c ****     __HAL_RCC_GPIOB_CLK_ENABLE();
 659              		.loc 1 303 0
 660 0152 0794     		str	r4, [sp, #28]
 661 0154 1A6B     		ldr	r2, [r3, #48]
 662 0156 42F00102 		orr	r2, r2, #1
 663 015a 1A63     		str	r2, [r3, #48]
 664 015c 1A6B     		ldr	r2, [r3, #48]
 665 015e 02F00102 		and	r2, r2, #1
 666 0162 0792     		str	r2, [sp, #28]
 667 0164 079A     		ldr	r2, [sp, #28]
 668              	.LBE8:
 669              	.LBB9:
 304:Core/Src/tim.c ****     /**TIM3 GPIO Configuration    
 670              		.loc 1 304 0
 671 0166 0894     		str	r4, [sp, #32]
 672 0168 1A6B     		ldr	r2, [r3, #48]
 673 016a 42F00202 		orr	r2, r2, #2
 674 016e 1A63     		str	r2, [r3, #48]
 675 0170 1B6B     		ldr	r3, [r3, #48]
 676 0172 03F00203 		and	r3, r3, #2
 677 0176 0893     		str	r3, [sp, #32]
 678 0178 089B     		ldr	r3, [sp, #32]
 679              	.LBE9:
 309:Core/Src/tim.c ****     GPIO_InitStruct.Mode = GPIO_MODE_AF_PP;
 680              		.loc 1 309 0
 681 017a 8023     		movs	r3, #128
 682 017c 0B93     		str	r3, [sp, #44]
 310:Core/Src/tim.c ****     GPIO_InitStruct.Pull = GPIO_PULLUP;
 683              		.loc 1 310 0
 684 017e 0225     		movs	r5, #2
 685 0180 0C95     		str	r5, [sp, #48]
 311:Core/Src/tim.c ****     GPIO_InitStruct.Speed = GPIO_SPEED_FREQ_LOW;
 686              		.loc 1 311 0
 687 0182 0126     		movs	r6, #1
 688 0184 0D96     		str	r6, [sp, #52]
 313:Core/Src/tim.c ****     HAL_GPIO_Init(GPIOA, &GPIO_InitStruct);
 689              		.loc 1 313 0
ARM GAS  C:\Users\Aasman\AppData\Local\Temp\ccez07LR.s 			page 20


 690 0186 0F95     		str	r5, [sp, #60]
 314:Core/Src/tim.c **** 
 691              		.loc 1 314 0
 692 0188 0BA9     		add	r1, sp, #44
 693 018a 2548     		ldr	r0, .L43+20
 694              	.LVL40:
 695 018c FFF7FEFF 		bl	HAL_GPIO_Init
 696              	.LVL41:
 316:Core/Src/tim.c ****     GPIO_InitStruct.Mode = GPIO_MODE_AF_PP;
 697              		.loc 1 316 0
 698 0190 1023     		movs	r3, #16
 699 0192 0B93     		str	r3, [sp, #44]
 317:Core/Src/tim.c ****     GPIO_InitStruct.Pull = GPIO_PULLUP;
 700              		.loc 1 317 0
 701 0194 0C95     		str	r5, [sp, #48]
 318:Core/Src/tim.c ****     GPIO_InitStruct.Speed = GPIO_SPEED_FREQ_LOW;
 702              		.loc 1 318 0
 703 0196 0D96     		str	r6, [sp, #52]
 319:Core/Src/tim.c ****     GPIO_InitStruct.Alternate = GPIO_AF2_TIM3;
 704              		.loc 1 319 0
 705 0198 0E94     		str	r4, [sp, #56]
 320:Core/Src/tim.c ****     HAL_GPIO_Init(GPIOB, &GPIO_InitStruct);
 706              		.loc 1 320 0
 707 019a 0F95     		str	r5, [sp, #60]
 321:Core/Src/tim.c **** 
 708              		.loc 1 321 0
 709 019c 0BA9     		add	r1, sp, #44
 710 019e 2148     		ldr	r0, .L43+24
 711 01a0 FFF7FEFF 		bl	HAL_GPIO_Init
 712              	.LVL42:
 324:Core/Src/tim.c ****     HAL_NVIC_EnableIRQ(TIM3_IRQn);
 713              		.loc 1 324 0
 714 01a4 2246     		mov	r2, r4
 715 01a6 2146     		mov	r1, r4
 716 01a8 1D20     		movs	r0, #29
 717 01aa FFF7FEFF 		bl	HAL_NVIC_SetPriority
 718              	.LVL43:
 325:Core/Src/tim.c ****     /* USER CODE BEGIN TIM3_MspInit 1 */
 719              		.loc 1 325 0
 720 01ae 1D20     		movs	r0, #29
 721 01b0 FFF7FEFF 		bl	HAL_NVIC_EnableIRQ
 722              	.LVL44:
 723 01b4 3BE7     		b	.L33
 724              	.LVL45:
 725              	.L42:
 726              	.LBB10:
 336:Core/Src/tim.c **** 
 727              		.loc 1 336 0
 728 01b6 0024     		movs	r4, #0
 729 01b8 0994     		str	r4, [sp, #36]
 730 01ba 174B     		ldr	r3, .L43+12
 731 01bc 1A6C     		ldr	r2, [r3, #64]
 732 01be 42F00402 		orr	r2, r2, #4
 733 01c2 1A64     		str	r2, [r3, #64]
 734 01c4 1A6C     		ldr	r2, [r3, #64]
 735 01c6 02F00402 		and	r2, r2, #4
 736 01ca 0992     		str	r2, [sp, #36]
ARM GAS  C:\Users\Aasman\AppData\Local\Temp\ccez07LR.s 			page 21


 737 01cc 099A     		ldr	r2, [sp, #36]
 738              	.LBE10:
 739              	.LBB11:
 338:Core/Src/tim.c ****     /**TIM4 GPIO Configuration    
 740              		.loc 1 338 0
 741 01ce 0A94     		str	r4, [sp, #40]
 742 01d0 1A6B     		ldr	r2, [r3, #48]
 743 01d2 42F00202 		orr	r2, r2, #2
 744 01d6 1A63     		str	r2, [r3, #48]
 745 01d8 1B6B     		ldr	r3, [r3, #48]
 746 01da 03F00203 		and	r3, r3, #2
 747 01de 0A93     		str	r3, [sp, #40]
 748 01e0 0A9B     		ldr	r3, [sp, #40]
 749              	.LBE11:
 343:Core/Src/tim.c ****     GPIO_InitStruct.Mode = GPIO_MODE_AF_PP;
 750              		.loc 1 343 0
 751 01e2 C023     		movs	r3, #192
 752 01e4 0B93     		str	r3, [sp, #44]
 344:Core/Src/tim.c ****     GPIO_InitStruct.Pull = GPIO_PULLUP;
 753              		.loc 1 344 0
 754 01e6 0223     		movs	r3, #2
 755 01e8 0C93     		str	r3, [sp, #48]
 345:Core/Src/tim.c ****     GPIO_InitStruct.Speed = GPIO_SPEED_FREQ_LOW;
 756              		.loc 1 345 0
 757 01ea 0122     		movs	r2, #1
 758 01ec 0D92     		str	r2, [sp, #52]
 347:Core/Src/tim.c ****     HAL_GPIO_Init(GPIOB, &GPIO_InitStruct);
 759              		.loc 1 347 0
 760 01ee 0F93     		str	r3, [sp, #60]
 348:Core/Src/tim.c **** 
 761              		.loc 1 348 0
 762 01f0 0BA9     		add	r1, sp, #44
 763 01f2 0C48     		ldr	r0, .L43+24
 764              	.LVL46:
 765 01f4 FFF7FEFF 		bl	HAL_GPIO_Init
 766              	.LVL47:
 351:Core/Src/tim.c ****     HAL_NVIC_EnableIRQ(TIM4_IRQn);
 767              		.loc 1 351 0
 768 01f8 2246     		mov	r2, r4
 769 01fa 2146     		mov	r1, r4
 770 01fc 1E20     		movs	r0, #30
 771 01fe FFF7FEFF 		bl	HAL_NVIC_SetPriority
 772              	.LVL48:
 352:Core/Src/tim.c ****     /* USER CODE BEGIN TIM4_MspInit 1 */
 773              		.loc 1 352 0
 774 0202 1E20     		movs	r0, #30
 775 0204 FFF7FEFF 		bl	HAL_NVIC_EnableIRQ
 776              	.LVL49:
 777              		.loc 1 357 0
 778 0208 11E7     		b	.L33
 779              	.L44:
 780 020a 00BF     		.align	2
 781              	.L43:
 782 020c 00000140 		.word	1073807360
 783 0210 00040040 		.word	1073742848
 784 0214 00080040 		.word	1073743872
 785 0218 00380240 		.word	1073887232
ARM GAS  C:\Users\Aasman\AppData\Local\Temp\ccez07LR.s 			page 22


 786 021c 00100240 		.word	1073876992
 787 0220 00000240 		.word	1073872896
 788 0224 00040240 		.word	1073873920
 789              		.cfi_endproc
 790              	.LFE135:
 792              		.section	.text.HAL_TIM_PWM_MspInit,"ax",%progbits
 793              		.align	1
 794              		.global	HAL_TIM_PWM_MspInit
 795              		.syntax unified
 796              		.thumb
 797              		.thumb_func
 798              		.fpu fpv4-sp-d16
 800              	HAL_TIM_PWM_MspInit:
 801              	.LFB136:
 358:Core/Src/tim.c **** 
 359:Core/Src/tim.c **** void HAL_TIM_PWM_MspInit(TIM_HandleTypeDef *tim_pwmHandle)
 360:Core/Src/tim.c **** {
 802              		.loc 1 360 0
 803              		.cfi_startproc
 804              		@ args = 0, pretend = 0, frame = 8
 805              		@ frame_needed = 0, uses_anonymous_args = 0
 806              	.LVL50:
 361:Core/Src/tim.c **** 
 362:Core/Src/tim.c ****   if (tim_pwmHandle->Instance == TIM8)
 807              		.loc 1 362 0
 808 0000 0268     		ldr	r2, [r0]
 809 0002 0E4B     		ldr	r3, .L52
 810 0004 9A42     		cmp	r2, r3
 811 0006 00D0     		beq	.L51
 812 0008 7047     		bx	lr
 813              	.L51:
 360:Core/Src/tim.c **** 
 814              		.loc 1 360 0
 815 000a 00B5     		push	{lr}
 816              	.LCFI20:
 817              		.cfi_def_cfa_offset 4
 818              		.cfi_offset 14, -4
 819 000c 83B0     		sub	sp, sp, #12
 820              	.LCFI21:
 821              		.cfi_def_cfa_offset 16
 822              	.LBB12:
 363:Core/Src/tim.c ****   {
 364:Core/Src/tim.c ****     /* USER CODE BEGIN TIM8_MspInit 0 */
 365:Core/Src/tim.c **** 
 366:Core/Src/tim.c ****     /* USER CODE END TIM8_MspInit 0 */
 367:Core/Src/tim.c ****     /* TIM8 clock enable */
 368:Core/Src/tim.c ****     __HAL_RCC_TIM8_CLK_ENABLE();
 823              		.loc 1 368 0
 824 000e 0021     		movs	r1, #0
 825 0010 0191     		str	r1, [sp, #4]
 826 0012 03F59A33 		add	r3, r3, #78848
 827 0016 5A6C     		ldr	r2, [r3, #68]
 828 0018 42F00202 		orr	r2, r2, #2
 829 001c 5A64     		str	r2, [r3, #68]
 830 001e 5B6C     		ldr	r3, [r3, #68]
 831 0020 03F00203 		and	r3, r3, #2
 832 0024 0193     		str	r3, [sp, #4]
ARM GAS  C:\Users\Aasman\AppData\Local\Temp\ccez07LR.s 			page 23


 833 0026 019B     		ldr	r3, [sp, #4]
 834              	.LBE12:
 369:Core/Src/tim.c **** 
 370:Core/Src/tim.c ****     /* TIM8 interrupt Init */
 371:Core/Src/tim.c ****     HAL_NVIC_SetPriority(TIM8_UP_TIM13_IRQn, 0, 0);
 835              		.loc 1 371 0
 836 0028 0A46     		mov	r2, r1
 837 002a 2C20     		movs	r0, #44
 838              	.LVL51:
 839 002c FFF7FEFF 		bl	HAL_NVIC_SetPriority
 840              	.LVL52:
 372:Core/Src/tim.c ****     HAL_NVIC_EnableIRQ(TIM8_UP_TIM13_IRQn);
 841              		.loc 1 372 0
 842 0030 2C20     		movs	r0, #44
 843 0032 FFF7FEFF 		bl	HAL_NVIC_EnableIRQ
 844              	.LVL53:
 373:Core/Src/tim.c ****     /* USER CODE BEGIN TIM8_MspInit 1 */
 374:Core/Src/tim.c **** 
 375:Core/Src/tim.c ****     /* USER CODE END TIM8_MspInit 1 */
 376:Core/Src/tim.c ****   }
 377:Core/Src/tim.c **** }
 845              		.loc 1 377 0
 846 0036 03B0     		add	sp, sp, #12
 847              	.LCFI22:
 848              		.cfi_def_cfa_offset 4
 849              		@ sp needed
 850 0038 5DF804FB 		ldr	pc, [sp], #4
 851              	.L53:
 852              		.align	2
 853              	.L52:
 854 003c 00040140 		.word	1073808384
 855              		.cfi_endproc
 856              	.LFE136:
 858              		.section	.text.HAL_TIM_MspPostInit,"ax",%progbits
 859              		.align	1
 860              		.global	HAL_TIM_MspPostInit
 861              		.syntax unified
 862              		.thumb
 863              		.thumb_func
 864              		.fpu fpv4-sp-d16
 866              	HAL_TIM_MspPostInit:
 867              	.LFB137:
 378:Core/Src/tim.c **** void HAL_TIM_MspPostInit(TIM_HandleTypeDef *timHandle)
 379:Core/Src/tim.c **** {
 868              		.loc 1 379 0
 869              		.cfi_startproc
 870              		@ args = 0, pretend = 0, frame = 24
 871              		@ frame_needed = 0, uses_anonymous_args = 0
 872              	.LVL54:
 873 0000 00B5     		push	{lr}
 874              	.LCFI23:
 875              		.cfi_def_cfa_offset 4
 876              		.cfi_offset 14, -4
 877 0002 87B0     		sub	sp, sp, #28
 878              	.LCFI24:
 879              		.cfi_def_cfa_offset 32
 380:Core/Src/tim.c **** 
ARM GAS  C:\Users\Aasman\AppData\Local\Temp\ccez07LR.s 			page 24


 381:Core/Src/tim.c ****   GPIO_InitTypeDef GPIO_InitStruct = {0};
 880              		.loc 1 381 0
 881 0004 0023     		movs	r3, #0
 882 0006 0193     		str	r3, [sp, #4]
 883 0008 0293     		str	r3, [sp, #8]
 884 000a 0393     		str	r3, [sp, #12]
 885 000c 0493     		str	r3, [sp, #16]
 886 000e 0593     		str	r3, [sp, #20]
 382:Core/Src/tim.c ****   if (timHandle->Instance == TIM8)
 887              		.loc 1 382 0
 888 0010 0268     		ldr	r2, [r0]
 889 0012 03F18043 		add	r3, r3, #1073741824
 890 0016 03F58233 		add	r3, r3, #66560
 891 001a 9A42     		cmp	r2, r3
 892 001c 02D0     		beq	.L57
 893              	.LVL55:
 894              	.L54:
 383:Core/Src/tim.c ****   {
 384:Core/Src/tim.c ****     /* USER CODE BEGIN TIM8_MspPostInit 0 */
 385:Core/Src/tim.c **** 
 386:Core/Src/tim.c ****     /* USER CODE END TIM8_MspPostInit 0 */
 387:Core/Src/tim.c **** 
 388:Core/Src/tim.c ****     __HAL_RCC_GPIOC_CLK_ENABLE();
 389:Core/Src/tim.c ****     /**TIM8 GPIO Configuration    
 390:Core/Src/tim.c ****     PC6     ------> TIM8_CH1
 391:Core/Src/tim.c ****     PC7     ------> TIM8_CH2
 392:Core/Src/tim.c ****     PC8     ------> TIM8_CH3
 393:Core/Src/tim.c ****     PC9     ------> TIM8_CH4 
 394:Core/Src/tim.c ****     */
 395:Core/Src/tim.c ****     GPIO_InitStruct.Pin = GPIO_PIN_6 | GPIO_PIN_7 | GPIO_PIN_8 | GPIO_PIN_9;
 396:Core/Src/tim.c ****     GPIO_InitStruct.Mode = GPIO_MODE_AF_PP;
 397:Core/Src/tim.c ****     GPIO_InitStruct.Pull = GPIO_NOPULL;
 398:Core/Src/tim.c ****     GPIO_InitStruct.Speed = GPIO_SPEED_FREQ_LOW;
 399:Core/Src/tim.c ****     GPIO_InitStruct.Alternate = GPIO_AF3_TIM8;
 400:Core/Src/tim.c ****     HAL_GPIO_Init(GPIOC, &GPIO_InitStruct);
 401:Core/Src/tim.c **** 
 402:Core/Src/tim.c ****     /* USER CODE BEGIN TIM8_MspPostInit 1 */
 403:Core/Src/tim.c **** 
 404:Core/Src/tim.c ****     /* USER CODE END TIM8_MspPostInit 1 */
 405:Core/Src/tim.c ****   }
 406:Core/Src/tim.c **** }
 895              		.loc 1 406 0
 896 001e 07B0     		add	sp, sp, #28
 897              	.LCFI25:
 898              		.cfi_remember_state
 899              		.cfi_def_cfa_offset 4
 900              		@ sp needed
 901 0020 5DF804FB 		ldr	pc, [sp], #4
 902              	.LVL56:
 903              	.L57:
 904              	.LCFI26:
 905              		.cfi_restore_state
 906              	.LBB13:
 388:Core/Src/tim.c ****     /**TIM8 GPIO Configuration    
 907              		.loc 1 388 0
 908 0024 0023     		movs	r3, #0
 909 0026 0093     		str	r3, [sp]
ARM GAS  C:\Users\Aasman\AppData\Local\Temp\ccez07LR.s 			page 25


 910 0028 0A4B     		ldr	r3, .L58
 911 002a 1A6B     		ldr	r2, [r3, #48]
 912 002c 42F00402 		orr	r2, r2, #4
 913 0030 1A63     		str	r2, [r3, #48]
 914 0032 1B6B     		ldr	r3, [r3, #48]
 915 0034 03F00403 		and	r3, r3, #4
 916 0038 0093     		str	r3, [sp]
 917 003a 009B     		ldr	r3, [sp]
 918              	.LBE13:
 395:Core/Src/tim.c ****     GPIO_InitStruct.Mode = GPIO_MODE_AF_PP;
 919              		.loc 1 395 0
 920 003c 4FF47073 		mov	r3, #960
 921 0040 0193     		str	r3, [sp, #4]
 396:Core/Src/tim.c ****     GPIO_InitStruct.Pull = GPIO_NOPULL;
 922              		.loc 1 396 0
 923 0042 0223     		movs	r3, #2
 924 0044 0293     		str	r3, [sp, #8]
 399:Core/Src/tim.c ****     HAL_GPIO_Init(GPIOC, &GPIO_InitStruct);
 925              		.loc 1 399 0
 926 0046 0323     		movs	r3, #3
 927 0048 0593     		str	r3, [sp, #20]
 400:Core/Src/tim.c **** 
 928              		.loc 1 400 0
 929 004a 01A9     		add	r1, sp, #4
 930 004c 0248     		ldr	r0, .L58+4
 931              	.LVL57:
 932 004e FFF7FEFF 		bl	HAL_GPIO_Init
 933              	.LVL58:
 934              		.loc 1 406 0
 935 0052 E4E7     		b	.L54
 936              	.L59:
 937              		.align	2
 938              	.L58:
 939 0054 00380240 		.word	1073887232
 940 0058 00080240 		.word	1073874944
 941              		.cfi_endproc
 942              	.LFE137:
 944              		.section	.text.MX_TIM8_Init,"ax",%progbits
 945              		.align	1
 946              		.global	MX_TIM8_Init
 947              		.syntax unified
 948              		.thumb
 949              		.thumb_func
 950              		.fpu fpv4-sp-d16
 952              	MX_TIM8_Init:
 953              	.LFB134:
 164:Core/Src/tim.c ****   TIM_MasterConfigTypeDef sMasterConfig = {0};
 954              		.loc 1 164 0
 955              		.cfi_startproc
 956              		@ args = 0, pretend = 0, frame = 72
 957              		@ frame_needed = 0, uses_anonymous_args = 0
 958 0000 30B5     		push	{r4, r5, lr}
 959              	.LCFI27:
 960              		.cfi_def_cfa_offset 12
 961              		.cfi_offset 4, -12
 962              		.cfi_offset 5, -8
 963              		.cfi_offset 14, -4
ARM GAS  C:\Users\Aasman\AppData\Local\Temp\ccez07LR.s 			page 26


 964 0002 93B0     		sub	sp, sp, #76
 965              	.LCFI28:
 966              		.cfi_def_cfa_offset 88
 165:Core/Src/tim.c ****   TIM_OC_InitTypeDef sConfigOC = {0};
 967              		.loc 1 165 0
 968 0004 0024     		movs	r4, #0
 969 0006 1094     		str	r4, [sp, #64]
 970 0008 1194     		str	r4, [sp, #68]
 166:Core/Src/tim.c ****   TIM_BreakDeadTimeConfigTypeDef sBreakDeadTimeConfig = {0};
 971              		.loc 1 166 0
 972 000a 0994     		str	r4, [sp, #36]
 973 000c 0A94     		str	r4, [sp, #40]
 974 000e 0B94     		str	r4, [sp, #44]
 975 0010 0C94     		str	r4, [sp, #48]
 976 0012 0D94     		str	r4, [sp, #52]
 977 0014 0E94     		str	r4, [sp, #56]
 978 0016 0F94     		str	r4, [sp, #60]
 167:Core/Src/tim.c **** 
 979              		.loc 1 167 0
 980 0018 2025     		movs	r5, #32
 981 001a 2A46     		mov	r2, r5
 982 001c 2146     		mov	r1, r4
 983 001e 01A8     		add	r0, sp, #4
 984 0020 FFF7FEFF 		bl	memset
 985              	.LVL59:
 169:Core/Src/tim.c ****   htim8.Init.Prescaler = 0;
 986              		.loc 1 169 0
 987 0024 3048     		ldr	r0, .L76
 988 0026 314B     		ldr	r3, .L76+4
 989 0028 0360     		str	r3, [r0]
 170:Core/Src/tim.c ****   htim8.Init.CounterMode = TIM_COUNTERMODE_CENTERALIGNED1;
 990              		.loc 1 170 0
 991 002a 4460     		str	r4, [r0, #4]
 171:Core/Src/tim.c ****   htim8.Init.Period = 10499;
 992              		.loc 1 171 0
 993 002c 8560     		str	r5, [r0, #8]
 172:Core/Src/tim.c ****   htim8.Init.ClockDivision = TIM_CLOCKDIVISION_DIV1;
 994              		.loc 1 172 0
 995 002e 42F60313 		movw	r3, #10499
 996 0032 C360     		str	r3, [r0, #12]
 173:Core/Src/tim.c ****   htim8.Init.RepetitionCounter = 0;
 997              		.loc 1 173 0
 998 0034 0461     		str	r4, [r0, #16]
 174:Core/Src/tim.c ****   htim8.Init.AutoReloadPreload = TIM_AUTORELOAD_PRELOAD_DISABLE;
 999              		.loc 1 174 0
 1000 0036 4461     		str	r4, [r0, #20]
 175:Core/Src/tim.c ****   if (HAL_TIM_PWM_Init(&htim8) != HAL_OK)
 1001              		.loc 1 175 0
 1002 0038 8461     		str	r4, [r0, #24]
 176:Core/Src/tim.c ****   {
 1003              		.loc 1 176 0
 1004 003a FFF7FEFF 		bl	HAL_TIM_PWM_Init
 1005              	.LVL60:
 1006 003e 0028     		cmp	r0, #0
 1007 0040 3CD1     		bne	.L69
 1008              	.L61:
 180:Core/Src/tim.c ****   sMasterConfig.MasterSlaveMode = TIM_MASTERSLAVEMODE_DISABLE;
ARM GAS  C:\Users\Aasman\AppData\Local\Temp\ccez07LR.s 			page 27


 1009              		.loc 1 180 0
 1010 0042 0023     		movs	r3, #0
 1011 0044 1093     		str	r3, [sp, #64]
 181:Core/Src/tim.c ****   if (HAL_TIMEx_MasterConfigSynchronization(&htim8, &sMasterConfig) != HAL_OK)
 1012              		.loc 1 181 0
 1013 0046 1193     		str	r3, [sp, #68]
 182:Core/Src/tim.c ****   {
 1014              		.loc 1 182 0
 1015 0048 10A9     		add	r1, sp, #64
 1016 004a 2748     		ldr	r0, .L76
 1017 004c FFF7FEFF 		bl	HAL_TIMEx_MasterConfigSynchronization
 1018              	.LVL61:
 1019 0050 0028     		cmp	r0, #0
 1020 0052 36D1     		bne	.L70
 1021              	.L62:
 186:Core/Src/tim.c ****   sConfigOC.Pulse = 0;
 1022              		.loc 1 186 0
 1023 0054 6023     		movs	r3, #96
 1024 0056 0993     		str	r3, [sp, #36]
 187:Core/Src/tim.c ****   sConfigOC.OCPolarity = TIM_OCPOLARITY_HIGH;
 1025              		.loc 1 187 0
 1026 0058 0022     		movs	r2, #0
 1027 005a 0A92     		str	r2, [sp, #40]
 188:Core/Src/tim.c ****   sConfigOC.OCNPolarity = TIM_OCNPOLARITY_HIGH;
 1028              		.loc 1 188 0
 1029 005c 0B92     		str	r2, [sp, #44]
 189:Core/Src/tim.c ****   sConfigOC.OCFastMode = TIM_OCFAST_DISABLE;
 1030              		.loc 1 189 0
 1031 005e 0C92     		str	r2, [sp, #48]
 190:Core/Src/tim.c ****   sConfigOC.OCIdleState = TIM_OCIDLESTATE_RESET;
 1032              		.loc 1 190 0
 1033 0060 0D92     		str	r2, [sp, #52]
 191:Core/Src/tim.c ****   sConfigOC.OCNIdleState = TIM_OCNIDLESTATE_RESET;
 1034              		.loc 1 191 0
 1035 0062 0E92     		str	r2, [sp, #56]
 192:Core/Src/tim.c ****   if (HAL_TIM_PWM_ConfigChannel(&htim8, &sConfigOC, TIM_CHANNEL_1) != HAL_OK)
 1036              		.loc 1 192 0
 1037 0064 0F92     		str	r2, [sp, #60]
 193:Core/Src/tim.c ****   {
 1038              		.loc 1 193 0
 1039 0066 09A9     		add	r1, sp, #36
 1040 0068 1F48     		ldr	r0, .L76
 1041 006a FFF7FEFF 		bl	HAL_TIM_PWM_ConfigChannel
 1042              	.LVL62:
 1043 006e 58BB     		cbnz	r0, .L71
 1044              	.L63:
 197:Core/Src/tim.c ****   {
 1045              		.loc 1 197 0
 1046 0070 0422     		movs	r2, #4
 1047 0072 09A9     		add	r1, sp, #36
 1048 0074 1C48     		ldr	r0, .L76
 1049 0076 FFF7FEFF 		bl	HAL_TIM_PWM_ConfigChannel
 1050              	.LVL63:
 1051 007a 40BB     		cbnz	r0, .L72
 1052              	.L64:
 201:Core/Src/tim.c ****   {
 1053              		.loc 1 201 0
ARM GAS  C:\Users\Aasman\AppData\Local\Temp\ccez07LR.s 			page 28


 1054 007c 0822     		movs	r2, #8
 1055 007e 09A9     		add	r1, sp, #36
 1056 0080 1948     		ldr	r0, .L76
 1057 0082 FFF7FEFF 		bl	HAL_TIM_PWM_ConfigChannel
 1058              	.LVL64:
 1059 0086 28BB     		cbnz	r0, .L73
 1060              	.L65:
 205:Core/Src/tim.c ****   {
 1061              		.loc 1 205 0
 1062 0088 0C22     		movs	r2, #12
 1063 008a 09A9     		add	r1, sp, #36
 1064 008c 1648     		ldr	r0, .L76
 1065 008e FFF7FEFF 		bl	HAL_TIM_PWM_ConfigChannel
 1066              	.LVL65:
 1067 0092 10BB     		cbnz	r0, .L74
 1068              	.L66:
 209:Core/Src/tim.c ****   sBreakDeadTimeConfig.OffStateIDLEMode = TIM_OSSI_DISABLE;
 1069              		.loc 1 209 0
 1070 0094 0023     		movs	r3, #0
 1071 0096 0193     		str	r3, [sp, #4]
 210:Core/Src/tim.c ****   sBreakDeadTimeConfig.LockLevel = TIM_LOCKLEVEL_OFF;
 1072              		.loc 1 210 0
 1073 0098 0293     		str	r3, [sp, #8]
 211:Core/Src/tim.c ****   sBreakDeadTimeConfig.DeadTime = 0;
 1074              		.loc 1 211 0
 1075 009a 0393     		str	r3, [sp, #12]
 212:Core/Src/tim.c ****   sBreakDeadTimeConfig.BreakState = TIM_BREAK_DISABLE;
 1076              		.loc 1 212 0
 1077 009c 0493     		str	r3, [sp, #16]
 213:Core/Src/tim.c ****   sBreakDeadTimeConfig.BreakPolarity = TIM_BREAKPOLARITY_HIGH;
 1078              		.loc 1 213 0
 1079 009e 0593     		str	r3, [sp, #20]
 214:Core/Src/tim.c ****   sBreakDeadTimeConfig.AutomaticOutput = TIM_AUTOMATICOUTPUT_DISABLE;
 1080              		.loc 1 214 0
 1081 00a0 4FF40052 		mov	r2, #8192
 1082 00a4 0692     		str	r2, [sp, #24]
 215:Core/Src/tim.c ****   if (HAL_TIMEx_ConfigBreakDeadTime(&htim8, &sBreakDeadTimeConfig) != HAL_OK)
 1083              		.loc 1 215 0
 1084 00a6 0893     		str	r3, [sp, #32]
 216:Core/Src/tim.c ****   {
 1085              		.loc 1 216 0
 1086 00a8 01A9     		add	r1, sp, #4
 1087 00aa 0F48     		ldr	r0, .L76
 1088 00ac FFF7FEFF 		bl	HAL_TIMEx_ConfigBreakDeadTime
 1089              	.LVL66:
 1090 00b0 B0B9     		cbnz	r0, .L75
 1091              	.L67:
 220:Core/Src/tim.c **** }
 1092              		.loc 1 220 0
 1093 00b2 0D48     		ldr	r0, .L76
 1094 00b4 FFF7FEFF 		bl	HAL_TIM_MspPostInit
 1095              	.LVL67:
 221:Core/Src/tim.c **** 
 1096              		.loc 1 221 0
 1097 00b8 13B0     		add	sp, sp, #76
 1098              	.LCFI29:
 1099              		.cfi_remember_state
ARM GAS  C:\Users\Aasman\AppData\Local\Temp\ccez07LR.s 			page 29


 1100              		.cfi_def_cfa_offset 12
 1101              		@ sp needed
 1102 00ba 30BD     		pop	{r4, r5, pc}
 1103              	.L69:
 1104              	.LCFI30:
 1105              		.cfi_restore_state
 178:Core/Src/tim.c ****   }
 1106              		.loc 1 178 0
 1107 00bc FFF7FEFF 		bl	Error_Handler
 1108              	.LVL68:
 1109 00c0 BFE7     		b	.L61
 1110              	.L70:
 184:Core/Src/tim.c ****   }
 1111              		.loc 1 184 0
 1112 00c2 FFF7FEFF 		bl	Error_Handler
 1113              	.LVL69:
 1114 00c6 C5E7     		b	.L62
 1115              	.L71:
 195:Core/Src/tim.c ****   }
 1116              		.loc 1 195 0
 1117 00c8 FFF7FEFF 		bl	Error_Handler
 1118              	.LVL70:
 1119 00cc D0E7     		b	.L63
 1120              	.L72:
 199:Core/Src/tim.c ****   }
 1121              		.loc 1 199 0
 1122 00ce FFF7FEFF 		bl	Error_Handler
 1123              	.LVL71:
 1124 00d2 D3E7     		b	.L64
 1125              	.L73:
 203:Core/Src/tim.c ****   }
 1126              		.loc 1 203 0
 1127 00d4 FFF7FEFF 		bl	Error_Handler
 1128              	.LVL72:
 1129 00d8 D6E7     		b	.L65
 1130              	.L74:
 207:Core/Src/tim.c ****   }
 1131              		.loc 1 207 0
 1132 00da FFF7FEFF 		bl	Error_Handler
 1133              	.LVL73:
 1134 00de D9E7     		b	.L66
 1135              	.L75:
 218:Core/Src/tim.c ****   }
 1136              		.loc 1 218 0
 1137 00e0 FFF7FEFF 		bl	Error_Handler
 1138              	.LVL74:
 1139 00e4 E5E7     		b	.L67
 1140              	.L77:
 1141 00e6 00BF     		.align	2
 1142              	.L76:
 1143 00e8 00000000 		.word	htim8
 1144 00ec 00040140 		.word	1073808384
 1145              		.cfi_endproc
 1146              	.LFE134:
 1148              		.section	.text.HAL_TIM_Encoder_MspDeInit,"ax",%progbits
 1149              		.align	1
 1150              		.global	HAL_TIM_Encoder_MspDeInit
ARM GAS  C:\Users\Aasman\AppData\Local\Temp\ccez07LR.s 			page 30


 1151              		.syntax unified
 1152              		.thumb
 1153              		.thumb_func
 1154              		.fpu fpv4-sp-d16
 1156              	HAL_TIM_Encoder_MspDeInit:
 1157              	.LFB138:
 407:Core/Src/tim.c **** 
 408:Core/Src/tim.c **** void HAL_TIM_Encoder_MspDeInit(TIM_HandleTypeDef *tim_encoderHandle)
 409:Core/Src/tim.c **** {
 1158              		.loc 1 409 0
 1159              		.cfi_startproc
 1160              		@ args = 0, pretend = 0, frame = 0
 1161              		@ frame_needed = 0, uses_anonymous_args = 0
 1162              	.LVL75:
 1163 0000 08B5     		push	{r3, lr}
 1164              	.LCFI31:
 1165              		.cfi_def_cfa_offset 8
 1166              		.cfi_offset 3, -8
 1167              		.cfi_offset 14, -4
 410:Core/Src/tim.c **** 
 411:Core/Src/tim.c ****   if (tim_encoderHandle->Instance == TIM1)
 1168              		.loc 1 411 0
 1169 0002 0368     		ldr	r3, [r0]
 1170 0004 2B4A     		ldr	r2, .L88
 1171 0006 9342     		cmp	r3, r2
 1172 0008 09D0     		beq	.L84
 412:Core/Src/tim.c ****   {
 413:Core/Src/tim.c ****     /* USER CODE BEGIN TIM1_MspDeInit 0 */
 414:Core/Src/tim.c **** 
 415:Core/Src/tim.c ****     /* USER CODE END TIM1_MspDeInit 0 */
 416:Core/Src/tim.c ****     /* Peripheral clock disable */
 417:Core/Src/tim.c ****     __HAL_RCC_TIM1_CLK_DISABLE();
 418:Core/Src/tim.c **** 
 419:Core/Src/tim.c ****     /**TIM1 GPIO Configuration    
 420:Core/Src/tim.c ****     PE11     ------> TIM1_CH2
 421:Core/Src/tim.c ****     PA8     ------> TIM1_CH1 
 422:Core/Src/tim.c ****     */
 423:Core/Src/tim.c ****     HAL_GPIO_DeInit(GPIOE, GPIO_PIN_11);
 424:Core/Src/tim.c **** 
 425:Core/Src/tim.c ****     HAL_GPIO_DeInit(GPIOA, GPIO_PIN_8);
 426:Core/Src/tim.c **** 
 427:Core/Src/tim.c ****     /* TIM1 interrupt Deinit */
 428:Core/Src/tim.c ****     HAL_NVIC_DisableIRQ(TIM1_BRK_TIM9_IRQn);
 429:Core/Src/tim.c ****     HAL_NVIC_DisableIRQ(TIM1_UP_TIM10_IRQn);
 430:Core/Src/tim.c ****     HAL_NVIC_DisableIRQ(TIM1_TRG_COM_TIM11_IRQn);
 431:Core/Src/tim.c ****     HAL_NVIC_DisableIRQ(TIM1_CC_IRQn);
 432:Core/Src/tim.c ****     /* USER CODE BEGIN TIM1_MspDeInit 1 */
 433:Core/Src/tim.c **** 
 434:Core/Src/tim.c ****     /* USER CODE END TIM1_MspDeInit 1 */
 435:Core/Src/tim.c ****   }
 436:Core/Src/tim.c ****   else if (tim_encoderHandle->Instance == TIM2)
 1173              		.loc 1 436 0
 1174 000a B3F1804F 		cmp	r3, #1073741824
 1175 000e 23D0     		beq	.L85
 437:Core/Src/tim.c ****   {
 438:Core/Src/tim.c ****     /* USER CODE BEGIN TIM2_MspDeInit 0 */
 439:Core/Src/tim.c **** 
ARM GAS  C:\Users\Aasman\AppData\Local\Temp\ccez07LR.s 			page 31


 440:Core/Src/tim.c ****     /* USER CODE END TIM2_MspDeInit 0 */
 441:Core/Src/tim.c ****     /* Peripheral clock disable */
 442:Core/Src/tim.c ****     __HAL_RCC_TIM2_CLK_DISABLE();
 443:Core/Src/tim.c **** 
 444:Core/Src/tim.c ****     /**TIM2 GPIO Configuration    
 445:Core/Src/tim.c ****     PA1     ------> TIM2_CH2
 446:Core/Src/tim.c ****     PA15     ------> TIM2_CH1 
 447:Core/Src/tim.c ****     */
 448:Core/Src/tim.c ****     HAL_GPIO_DeInit(GPIOA, GPIO_PIN_1 | GPIO_PIN_15);
 449:Core/Src/tim.c **** 
 450:Core/Src/tim.c ****     /* TIM2 interrupt Deinit */
 451:Core/Src/tim.c ****     HAL_NVIC_DisableIRQ(TIM2_IRQn);
 452:Core/Src/tim.c ****     /* USER CODE BEGIN TIM2_MspDeInit 1 */
 453:Core/Src/tim.c **** 
 454:Core/Src/tim.c ****     /* USER CODE END TIM2_MspDeInit 1 */
 455:Core/Src/tim.c ****   }
 456:Core/Src/tim.c ****   else if (tim_encoderHandle->Instance == TIM3)
 1176              		.loc 1 456 0
 1177 0010 294A     		ldr	r2, .L88+4
 1178 0012 9342     		cmp	r3, r2
 1179 0014 2ED0     		beq	.L86
 457:Core/Src/tim.c ****   {
 458:Core/Src/tim.c ****     /* USER CODE BEGIN TIM3_MspDeInit 0 */
 459:Core/Src/tim.c **** 
 460:Core/Src/tim.c ****     /* USER CODE END TIM3_MspDeInit 0 */
 461:Core/Src/tim.c ****     /* Peripheral clock disable */
 462:Core/Src/tim.c ****     __HAL_RCC_TIM3_CLK_DISABLE();
 463:Core/Src/tim.c **** 
 464:Core/Src/tim.c ****     /**TIM3 GPIO Configuration    
 465:Core/Src/tim.c ****     PA7     ------> TIM3_CH2
 466:Core/Src/tim.c ****     PB4     ------> TIM3_CH1 
 467:Core/Src/tim.c ****     */
 468:Core/Src/tim.c ****     HAL_GPIO_DeInit(GPIOA, GPIO_PIN_7);
 469:Core/Src/tim.c **** 
 470:Core/Src/tim.c ****     HAL_GPIO_DeInit(GPIOB, GPIO_PIN_4);
 471:Core/Src/tim.c **** 
 472:Core/Src/tim.c ****     /* TIM3 interrupt Deinit */
 473:Core/Src/tim.c ****     HAL_NVIC_DisableIRQ(TIM3_IRQn);
 474:Core/Src/tim.c ****     /* USER CODE BEGIN TIM3_MspDeInit 1 */
 475:Core/Src/tim.c **** 
 476:Core/Src/tim.c ****     /* USER CODE END TIM3_MspDeInit 1 */
 477:Core/Src/tim.c ****   }
 478:Core/Src/tim.c ****   else if (tim_encoderHandle->Instance == TIM4)
 1180              		.loc 1 478 0
 1181 0016 294A     		ldr	r2, .L88+8
 1182 0018 9342     		cmp	r3, r2
 1183 001a 3DD0     		beq	.L87
 1184              	.LVL76:
 1185              	.L78:
 479:Core/Src/tim.c ****   {
 480:Core/Src/tim.c ****     /* USER CODE BEGIN TIM4_MspDeInit 0 */
 481:Core/Src/tim.c **** 
 482:Core/Src/tim.c ****     /* USER CODE END TIM4_MspDeInit 0 */
 483:Core/Src/tim.c ****     /* Peripheral clock disable */
 484:Core/Src/tim.c ****     __HAL_RCC_TIM4_CLK_DISABLE();
 485:Core/Src/tim.c **** 
 486:Core/Src/tim.c ****     /**TIM4 GPIO Configuration    
ARM GAS  C:\Users\Aasman\AppData\Local\Temp\ccez07LR.s 			page 32


 487:Core/Src/tim.c ****     PB6     ------> TIM4_CH1
 488:Core/Src/tim.c ****     PB7     ------> TIM4_CH2 
 489:Core/Src/tim.c ****     */
 490:Core/Src/tim.c ****     HAL_GPIO_DeInit(GPIOB, GPIO_PIN_6 | GPIO_PIN_7);
 491:Core/Src/tim.c **** 
 492:Core/Src/tim.c ****     /* TIM4 interrupt Deinit */
 493:Core/Src/tim.c ****     HAL_NVIC_DisableIRQ(TIM4_IRQn);
 494:Core/Src/tim.c ****     /* USER CODE BEGIN TIM4_MspDeInit 1 */
 495:Core/Src/tim.c **** 
 496:Core/Src/tim.c ****     /* USER CODE END TIM4_MspDeInit 1 */
 497:Core/Src/tim.c ****   }
 498:Core/Src/tim.c **** }
 1186              		.loc 1 498 0
 1187 001c 08BD     		pop	{r3, pc}
 1188              	.LVL77:
 1189              	.L84:
 417:Core/Src/tim.c **** 
 1190              		.loc 1 417 0
 1191 001e 02F59C32 		add	r2, r2, #79872
 1192 0022 536C     		ldr	r3, [r2, #68]
 1193 0024 23F00103 		bic	r3, r3, #1
 1194 0028 5364     		str	r3, [r2, #68]
 423:Core/Src/tim.c **** 
 1195              		.loc 1 423 0
 1196 002a 4FF40061 		mov	r1, #2048
 1197 002e 2448     		ldr	r0, .L88+12
 1198              	.LVL78:
 1199 0030 FFF7FEFF 		bl	HAL_GPIO_DeInit
 1200              	.LVL79:
 425:Core/Src/tim.c **** 
 1201              		.loc 1 425 0
 1202 0034 4FF48071 		mov	r1, #256
 1203 0038 2248     		ldr	r0, .L88+16
 1204 003a FFF7FEFF 		bl	HAL_GPIO_DeInit
 1205              	.LVL80:
 428:Core/Src/tim.c ****     HAL_NVIC_DisableIRQ(TIM1_UP_TIM10_IRQn);
 1206              		.loc 1 428 0
 1207 003e 1820     		movs	r0, #24
 1208 0040 FFF7FEFF 		bl	HAL_NVIC_DisableIRQ
 1209              	.LVL81:
 429:Core/Src/tim.c ****     HAL_NVIC_DisableIRQ(TIM1_TRG_COM_TIM11_IRQn);
 1210              		.loc 1 429 0
 1211 0044 1920     		movs	r0, #25
 1212 0046 FFF7FEFF 		bl	HAL_NVIC_DisableIRQ
 1213              	.LVL82:
 430:Core/Src/tim.c ****     HAL_NVIC_DisableIRQ(TIM1_CC_IRQn);
 1214              		.loc 1 430 0
 1215 004a 1A20     		movs	r0, #26
 1216 004c FFF7FEFF 		bl	HAL_NVIC_DisableIRQ
 1217              	.LVL83:
 431:Core/Src/tim.c ****     /* USER CODE BEGIN TIM1_MspDeInit 1 */
 1218              		.loc 1 431 0
 1219 0050 1B20     		movs	r0, #27
 1220 0052 FFF7FEFF 		bl	HAL_NVIC_DisableIRQ
 1221              	.LVL84:
 1222 0056 E1E7     		b	.L78
 1223              	.LVL85:
ARM GAS  C:\Users\Aasman\AppData\Local\Temp\ccez07LR.s 			page 33


 1224              	.L85:
 442:Core/Src/tim.c **** 
 1225              		.loc 1 442 0
 1226 0058 1B4A     		ldr	r2, .L88+20
 1227 005a 136C     		ldr	r3, [r2, #64]
 1228 005c 23F00103 		bic	r3, r3, #1
 1229 0060 1364     		str	r3, [r2, #64]
 448:Core/Src/tim.c **** 
 1230              		.loc 1 448 0
 1231 0062 48F20201 		movw	r1, #32770
 1232 0066 1748     		ldr	r0, .L88+16
 1233              	.LVL86:
 1234 0068 FFF7FEFF 		bl	HAL_GPIO_DeInit
 1235              	.LVL87:
 451:Core/Src/tim.c ****     /* USER CODE BEGIN TIM2_MspDeInit 1 */
 1236              		.loc 1 451 0
 1237 006c 1C20     		movs	r0, #28
 1238 006e FFF7FEFF 		bl	HAL_NVIC_DisableIRQ
 1239              	.LVL88:
 1240 0072 D3E7     		b	.L78
 1241              	.LVL89:
 1242              	.L86:
 462:Core/Src/tim.c **** 
 1243              		.loc 1 462 0
 1244 0074 02F50D32 		add	r2, r2, #144384
 1245 0078 136C     		ldr	r3, [r2, #64]
 1246 007a 23F00203 		bic	r3, r3, #2
 1247 007e 1364     		str	r3, [r2, #64]
 468:Core/Src/tim.c **** 
 1248              		.loc 1 468 0
 1249 0080 8021     		movs	r1, #128
 1250 0082 1048     		ldr	r0, .L88+16
 1251              	.LVL90:
 1252 0084 FFF7FEFF 		bl	HAL_GPIO_DeInit
 1253              	.LVL91:
 470:Core/Src/tim.c **** 
 1254              		.loc 1 470 0
 1255 0088 1021     		movs	r1, #16
 1256 008a 1048     		ldr	r0, .L88+24
 1257 008c FFF7FEFF 		bl	HAL_GPIO_DeInit
 1258              	.LVL92:
 473:Core/Src/tim.c ****     /* USER CODE BEGIN TIM3_MspDeInit 1 */
 1259              		.loc 1 473 0
 1260 0090 1D20     		movs	r0, #29
 1261 0092 FFF7FEFF 		bl	HAL_NVIC_DisableIRQ
 1262              	.LVL93:
 1263 0096 C1E7     		b	.L78
 1264              	.LVL94:
 1265              	.L87:
 484:Core/Src/tim.c **** 
 1266              		.loc 1 484 0
 1267 0098 02F50C32 		add	r2, r2, #143360
 1268 009c 136C     		ldr	r3, [r2, #64]
 1269 009e 23F00403 		bic	r3, r3, #4
 1270 00a2 1364     		str	r3, [r2, #64]
 490:Core/Src/tim.c **** 
 1271              		.loc 1 490 0
ARM GAS  C:\Users\Aasman\AppData\Local\Temp\ccez07LR.s 			page 34


 1272 00a4 C021     		movs	r1, #192
 1273 00a6 0948     		ldr	r0, .L88+24
 1274              	.LVL95:
 1275 00a8 FFF7FEFF 		bl	HAL_GPIO_DeInit
 1276              	.LVL96:
 493:Core/Src/tim.c ****     /* USER CODE BEGIN TIM4_MspDeInit 1 */
 1277              		.loc 1 493 0
 1278 00ac 1E20     		movs	r0, #30
 1279 00ae FFF7FEFF 		bl	HAL_NVIC_DisableIRQ
 1280              	.LVL97:
 1281              		.loc 1 498 0
 1282 00b2 B3E7     		b	.L78
 1283              	.L89:
 1284              		.align	2
 1285              	.L88:
 1286 00b4 00000140 		.word	1073807360
 1287 00b8 00040040 		.word	1073742848
 1288 00bc 00080040 		.word	1073743872
 1289 00c0 00100240 		.word	1073876992
 1290 00c4 00000240 		.word	1073872896
 1291 00c8 00380240 		.word	1073887232
 1292 00cc 00040240 		.word	1073873920
 1293              		.cfi_endproc
 1294              	.LFE138:
 1296              		.section	.text.HAL_TIM_PWM_MspDeInit,"ax",%progbits
 1297              		.align	1
 1298              		.global	HAL_TIM_PWM_MspDeInit
 1299              		.syntax unified
 1300              		.thumb
 1301              		.thumb_func
 1302              		.fpu fpv4-sp-d16
 1304              	HAL_TIM_PWM_MspDeInit:
 1305              	.LFB139:
 499:Core/Src/tim.c **** 
 500:Core/Src/tim.c **** void HAL_TIM_PWM_MspDeInit(TIM_HandleTypeDef *tim_pwmHandle)
 501:Core/Src/tim.c **** {
 1306              		.loc 1 501 0
 1307              		.cfi_startproc
 1308              		@ args = 0, pretend = 0, frame = 0
 1309              		@ frame_needed = 0, uses_anonymous_args = 0
 1310              	.LVL98:
 1311 0000 08B5     		push	{r3, lr}
 1312              	.LCFI32:
 1313              		.cfi_def_cfa_offset 8
 1314              		.cfi_offset 3, -8
 1315              		.cfi_offset 14, -4
 502:Core/Src/tim.c **** 
 503:Core/Src/tim.c ****   if (tim_pwmHandle->Instance == TIM8)
 1316              		.loc 1 503 0
 1317 0002 0268     		ldr	r2, [r0]
 1318 0004 064B     		ldr	r3, .L94
 1319 0006 9A42     		cmp	r2, r3
 1320 0008 00D0     		beq	.L93
 1321              	.LVL99:
 1322              	.L90:
 504:Core/Src/tim.c ****   {
 505:Core/Src/tim.c ****     /* USER CODE BEGIN TIM8_MspDeInit 0 */
ARM GAS  C:\Users\Aasman\AppData\Local\Temp\ccez07LR.s 			page 35


 506:Core/Src/tim.c **** 
 507:Core/Src/tim.c ****     /* USER CODE END TIM8_MspDeInit 0 */
 508:Core/Src/tim.c ****     /* Peripheral clock disable */
 509:Core/Src/tim.c ****     __HAL_RCC_TIM8_CLK_DISABLE();
 510:Core/Src/tim.c **** 
 511:Core/Src/tim.c ****     /* TIM8 interrupt Deinit */
 512:Core/Src/tim.c ****     HAL_NVIC_DisableIRQ(TIM8_UP_TIM13_IRQn);
 513:Core/Src/tim.c ****     /* USER CODE BEGIN TIM8_MspDeInit 1 */
 514:Core/Src/tim.c **** 
 515:Core/Src/tim.c ****     /* USER CODE END TIM8_MspDeInit 1 */
 516:Core/Src/tim.c ****   }
 517:Core/Src/tim.c **** }
 1323              		.loc 1 517 0
 1324 000a 08BD     		pop	{r3, pc}
 1325              	.LVL100:
 1326              	.L93:
 509:Core/Src/tim.c **** 
 1327              		.loc 1 509 0
 1328 000c 054A     		ldr	r2, .L94+4
 1329 000e 536C     		ldr	r3, [r2, #68]
 1330 0010 23F00203 		bic	r3, r3, #2
 1331 0014 5364     		str	r3, [r2, #68]
 512:Core/Src/tim.c ****     /* USER CODE BEGIN TIM8_MspDeInit 1 */
 1332              		.loc 1 512 0
 1333 0016 2C20     		movs	r0, #44
 1334              	.LVL101:
 1335 0018 FFF7FEFF 		bl	HAL_NVIC_DisableIRQ
 1336              	.LVL102:
 1337              		.loc 1 517 0
 1338 001c F5E7     		b	.L90
 1339              	.L95:
 1340 001e 00BF     		.align	2
 1341              	.L94:
 1342 0020 00040140 		.word	1073808384
 1343 0024 00380240 		.word	1073887232
 1344              		.cfi_endproc
 1345              	.LFE139:
 1347              		.comm	htim8,64,4
 1348              		.comm	htim4,64,4
 1349              		.comm	htim3,64,4
 1350              		.comm	htim2,64,4
 1351              		.comm	htim1,64,4
 1352              		.text
 1353              	.Letext0:
 1354              		.file 2 "c:\\program files (x86)\\gnu tools arm embedded\\7 2017-q4-major\\arm-none-eabi\\include\
 1355              		.file 3 "c:\\program files (x86)\\gnu tools arm embedded\\7 2017-q4-major\\arm-none-eabi\\include\
 1356              		.file 4 "Drivers/CMSIS/Include/core_cm4.h"
 1357              		.file 5 "Drivers/CMSIS/Device/ST/STM32F4xx/Include/system_stm32f4xx.h"
 1358              		.file 6 "Drivers/CMSIS/Device/ST/STM32F4xx/Include/stm32f407xx.h"
 1359              		.file 7 "Drivers/STM32F4xx_HAL_Driver/Inc/stm32f4xx_hal_def.h"
 1360              		.file 8 "Drivers/STM32F4xx_HAL_Driver/Inc/stm32f4xx_hal_gpio.h"
 1361              		.file 9 "Drivers/STM32F4xx_HAL_Driver/Inc/stm32f4xx_hal_dma.h"
 1362              		.file 10 "Drivers/STM32F4xx_HAL_Driver/Inc/stm32f4xx_hal_tim.h"
 1363              		.file 11 "Core/Inc/tim.h"
 1364              		.file 12 "Drivers/STM32F4xx_HAL_Driver/Inc/stm32f4xx_hal_cortex.h"
 1365              		.file 13 "Drivers/STM32F4xx_HAL_Driver/Inc/stm32f4xx_hal_tim_ex.h"
 1366              		.file 14 "Core/Inc/main.h"
ARM GAS  C:\Users\Aasman\AppData\Local\Temp\ccez07LR.s 			page 36


 1367              		.file 15 "<built-in>"
ARM GAS  C:\Users\Aasman\AppData\Local\Temp\ccez07LR.s 			page 37


DEFINED SYMBOLS
                            *ABS*:00000000 tim.c
C:\Users\Aasman\AppData\Local\Temp\ccez07LR.s:18     .text.MX_TIM1_Init:00000000 $t
C:\Users\Aasman\AppData\Local\Temp\ccez07LR.s:25     .text.MX_TIM1_Init:00000000 MX_TIM1_Init
C:\Users\Aasman\AppData\Local\Temp\ccez07LR.s:115    .text.MX_TIM1_Init:00000060 $d
                            *COM*:00000040 htim1
C:\Users\Aasman\AppData\Local\Temp\ccez07LR.s:121    .text.MX_TIM2_Init:00000000 $t
C:\Users\Aasman\AppData\Local\Temp\ccez07LR.s:128    .text.MX_TIM2_Init:00000000 MX_TIM2_Init
C:\Users\Aasman\AppData\Local\Temp\ccez07LR.s:215    .text.MX_TIM2_Init:00000060 $d
                            *COM*:00000040 htim2
C:\Users\Aasman\AppData\Local\Temp\ccez07LR.s:220    .text.MX_TIM3_Init:00000000 $t
C:\Users\Aasman\AppData\Local\Temp\ccez07LR.s:227    .text.MX_TIM3_Init:00000000 MX_TIM3_Init
C:\Users\Aasman\AppData\Local\Temp\ccez07LR.s:314    .text.MX_TIM3_Init:0000005c $d
                            *COM*:00000040 htim3
C:\Users\Aasman\AppData\Local\Temp\ccez07LR.s:320    .text.MX_TIM4_Init:00000000 $t
C:\Users\Aasman\AppData\Local\Temp\ccez07LR.s:327    .text.MX_TIM4_Init:00000000 MX_TIM4_Init
C:\Users\Aasman\AppData\Local\Temp\ccez07LR.s:414    .text.MX_TIM4_Init:0000005c $d
                            *COM*:00000040 htim4
C:\Users\Aasman\AppData\Local\Temp\ccez07LR.s:420    .text.HAL_TIM_Encoder_MspInit:00000000 $t
C:\Users\Aasman\AppData\Local\Temp\ccez07LR.s:427    .text.HAL_TIM_Encoder_MspInit:00000000 HAL_TIM_Encoder_MspInit
C:\Users\Aasman\AppData\Local\Temp\ccez07LR.s:782    .text.HAL_TIM_Encoder_MspInit:0000020c $d
C:\Users\Aasman\AppData\Local\Temp\ccez07LR.s:793    .text.HAL_TIM_PWM_MspInit:00000000 $t
C:\Users\Aasman\AppData\Local\Temp\ccez07LR.s:800    .text.HAL_TIM_PWM_MspInit:00000000 HAL_TIM_PWM_MspInit
C:\Users\Aasman\AppData\Local\Temp\ccez07LR.s:854    .text.HAL_TIM_PWM_MspInit:0000003c $d
C:\Users\Aasman\AppData\Local\Temp\ccez07LR.s:859    .text.HAL_TIM_MspPostInit:00000000 $t
C:\Users\Aasman\AppData\Local\Temp\ccez07LR.s:866    .text.HAL_TIM_MspPostInit:00000000 HAL_TIM_MspPostInit
C:\Users\Aasman\AppData\Local\Temp\ccez07LR.s:939    .text.HAL_TIM_MspPostInit:00000054 $d
C:\Users\Aasman\AppData\Local\Temp\ccez07LR.s:945    .text.MX_TIM8_Init:00000000 $t
C:\Users\Aasman\AppData\Local\Temp\ccez07LR.s:952    .text.MX_TIM8_Init:00000000 MX_TIM8_Init
C:\Users\Aasman\AppData\Local\Temp\ccez07LR.s:1143   .text.MX_TIM8_Init:000000e8 $d
                            *COM*:00000040 htim8
C:\Users\Aasman\AppData\Local\Temp\ccez07LR.s:1149   .text.HAL_TIM_Encoder_MspDeInit:00000000 $t
C:\Users\Aasman\AppData\Local\Temp\ccez07LR.s:1156   .text.HAL_TIM_Encoder_MspDeInit:00000000 HAL_TIM_Encoder_MspDeInit
C:\Users\Aasman\AppData\Local\Temp\ccez07LR.s:1286   .text.HAL_TIM_Encoder_MspDeInit:000000b4 $d
C:\Users\Aasman\AppData\Local\Temp\ccez07LR.s:1297   .text.HAL_TIM_PWM_MspDeInit:00000000 $t
C:\Users\Aasman\AppData\Local\Temp\ccez07LR.s:1304   .text.HAL_TIM_PWM_MspDeInit:00000000 HAL_TIM_PWM_MspDeInit
C:\Users\Aasman\AppData\Local\Temp\ccez07LR.s:1342   .text.HAL_TIM_PWM_MspDeInit:00000020 $d

UNDEFINED SYMBOLS
memset
HAL_TIM_Encoder_Init
HAL_TIMEx_MasterConfigSynchronization
Error_Handler
HAL_GPIO_Init
HAL_NVIC_SetPriority
HAL_NVIC_EnableIRQ
HAL_TIM_PWM_Init
HAL_TIM_PWM_ConfigChannel
HAL_TIMEx_ConfigBreakDeadTime
HAL_GPIO_DeInit
HAL_NVIC_DisableIRQ
